2025-05-06 16:02:21,829 - INFO - Job SHUFFLENETV2 processing batch 1_1_1_cfcd208495d565ef at time 0.00s. Cache hit: False
2025-05-06 16:02:21,831 - INFO - Job RESNET18 processing batch 1_1_2_c4ca4238a0b92382 at time 0.00s. Cache hit: False
2025-05-06 16:02:21,831 - INFO - Job RESNET50 processing batch 1_1_3_c81e728d9d4c2f63 at time 0.00s. Cache hit: False
2025-05-06 16:02:21,831 - INFO - Job VGG16 processing batch 1_1_4_eccbc87e4b5ce2fe at time 0.00s. Cache hit: False
2025-05-06 16:02:21,831 - DEBUG - Cache is not full, inserting 1_1_1_cfcd208495d565ef.
2025-05-06 16:02:21,831 - DEBUG - Cache is not full, inserting 1_1_2_c4ca4238a0b92382.
2025-05-06 16:02:21,831 - DEBUG - Cache is not full, inserting 1_1_3_c81e728d9d4c2f63.
2025-05-06 16:02:21,831 - DEBUG - Cache is not full, inserting 1_1_4_eccbc87e4b5ce2fe.
2025-05-06 16:02:21,832 - INFO - Job SHUFFLENETV2 processing batch 1_1_2_c4ca4238a0b92382 at time 0.27s. Cache hit: True
2025-05-06 16:02:21,832 - INFO - Job RESNET18 processing batch 1_1_1_cfcd208495d565ef at time 0.31s. Cache hit: True
2025-05-06 16:02:21,832 - INFO - Job SHUFFLENETV2 processing batch 1_1_3_c81e728d9d4c2f63 at time 0.35s. Cache hit: True
2025-05-06 16:02:21,832 - INFO - Job SHUFFLENETV2 processing batch 1_1_4_eccbc87e4b5ce2fe at time 0.42s. Cache hit: True
2025-05-06 16:02:21,832 - INFO - Job RESNET18 processing batch 1_1_3_c81e728d9d4c2f63 at time 0.43s. Cache hit: True
2025-05-06 16:02:21,832 - INFO - Job SHUFFLENETV2 processing batch 1_1_5_a87ff679a2f3e71d at time 0.49s. Cache hit: False
2025-05-06 16:02:21,832 - INFO - Job RESNET18 processing batch 1_1_4_eccbc87e4b5ce2fe at time 0.54s. Cache hit: True
2025-05-06 16:02:21,832 - INFO - Job RESNET50 processing batch 1_1_1_cfcd208495d565ef at time 0.55s. Cache hit: True
2025-05-06 16:02:21,833 - INFO - Job RESNET18 processing batch 1_1_6_e4da3b7fbbce2345 at time 0.66s. Cache hit: False
2025-05-06 16:02:21,833 - DEBUG - Cache is not full, inserting 1_1_5_a87ff679a2f3e71d.
2025-05-06 16:02:21,833 - INFO - Job VGG16 processing batch 1_1_1_cfcd208495d565ef at time 0.72s. Cache hit: True
2025-05-06 16:02:24,182 - INFO - Job SHUFFLENETV2 processing batch 1_1_7_1679091c5a880faf at time 0.76s. Cache hit: False
2025-05-06 16:02:24,182 - DEBUG - Cache is not full, inserting 1_1_6_e4da3b7fbbce2345.
2025-05-06 16:02:24,182 - INFO - Job RESNET50 processing batch 1_1_4_eccbc87e4b5ce2fe at time 0.90s. Cache hit: True
2025-05-06 16:02:24,183 - DEBUG - Cache is not full, inserting 1_1_7_1679091c5a880faf.
2025-05-06 16:02:24,183 - INFO - Job RESNET18 processing batch 1_1_5_a87ff679a2f3e71d at time 0.97s. Cache hit: True
2025-05-06 16:02:24,183 - INFO - Job SHUFFLENETV2 processing batch 1_1_6_e4da3b7fbbce2345 at time 1.04s. Cache hit: True
2025-05-06 16:02:24,183 - INFO - Job RESNET18 processing batch 1_1_7_1679091c5a880faf at time 1.09s. Cache hit: True
2025-05-06 16:02:24,183 - INFO - Job SHUFFLENETV2 processing batch 1_1_8_8f14e45fceea167a at time 1.11s. Cache hit: False
2025-05-06 16:02:24,184 - INFO - Job RESNET18 processing batch 1_1_9_c9f0f895fb98ab91 at time 1.20s. Cache hit: False
2025-05-06 16:02:24,184 - INFO - Job RESNET50 processing batch 1_1_2_c4ca4238a0b92382 at time 1.25s. Cache hit: True
2025-05-06 16:02:24,184 - INFO - Job VGG16 processing batch 1_1_3_c81e728d9d4c2f63 at time 1.25s. Cache hit: True
2025-05-06 16:02:24,184 - DEBUG - Cache is not full, inserting 1_1_8_8f14e45fceea167a.
2025-05-06 16:02:24,184 - INFO - Job SHUFFLENETV2 processing batch 1_1_10_45c48cce2e2d7fbd at time 1.38s. Cache hit: False
2025-05-06 16:02:24,184 - DEBUG - Cache is not full, inserting 1_1_9_c9f0f895fb98ab91.
2025-05-06 16:02:24,184 - INFO - Job RESNET18 processing batch 1_1_8_8f14e45fceea167a at time 1.52s. Cache hit: True
2025-05-06 16:02:24,184 - DEBUG - Cache is not full, inserting 1_1_10_45c48cce2e2d7fbd.
2025-05-06 16:02:24,184 - INFO - Job RESNET50 processing batch 1_1_5_a87ff679a2f3e71d at time 1.60s. Cache hit: True
2025-05-06 16:02:24,185 - INFO - Job RESNET18 processing batch 1_1_10_45c48cce2e2d7fbd at time 1.63s. Cache hit: True
2025-05-06 16:02:24,185 - INFO - Job SHUFFLENETV2 processing batch 1_1_9_c9f0f895fb98ab91 at time 1.65s. Cache hit: True
2025-05-06 16:02:24,185 - INFO - Job SHUFFLENETV2 processing batch 1_1_11_d3d9446802a44259 at time 1.73s. Cache hit: False
2025-05-06 16:02:24,185 - INFO - Job RESNET18 processing batch 1_1_12_6512bd43d9caa6e0 at time 1.74s. Cache hit: False
2025-05-06 16:02:24,185 - INFO - Job VGG16 processing batch 1_1_2_c4ca4238a0b92382 at time 1.77s. Cache hit: True
2025-05-06 16:02:24,185 - DEBUG - Cache is not full, inserting 1_1_11_d3d9446802a44259.
2025-05-06 16:02:24,185 - DEBUG - Cache is not full, inserting 1_1_12_6512bd43d9caa6e0.
2025-05-06 16:02:24,185 - INFO - Job RESNET50 processing batch 1_1_6_e4da3b7fbbce2345 at time 1.95s. Cache hit: True
2025-05-06 16:02:24,185 - INFO - Job SHUFFLENETV2 processing batch 1_1_12_6512bd43d9caa6e0 at time 2.00s. Cache hit: True
2025-05-06 16:02:24,185 - INFO - Job RESNET18 processing batch 1_1_11_d3d9446802a44259 at time 2.06s. Cache hit: True
2025-05-06 16:02:24,185 - INFO - Job SHUFFLENETV2 processing batch 1_1_13_c20ad4d76fe97759 at time 2.07s. Cache hit: False
2025-05-06 16:02:24,185 - INFO - Job RESNET18 processing batch 1_1_14_c51ce410c124a10e at time 2.17s. Cache hit: False
2025-05-06 16:02:24,185 - DEBUG - Cache is not full, inserting 1_1_13_c20ad4d76fe97759.
2025-05-06 16:02:24,185 - INFO - Job RESNET50 processing batch 1_1_7_1679091c5a880faf at time 2.30s. Cache hit: True
2025-05-06 16:02:24,185 - INFO - Job VGG16 processing batch 1_1_5_a87ff679a2f3e71d at time 2.30s. Cache hit: True
2025-05-06 16:02:24,186 - INFO - Job SHUFFLENETV2 processing batch 1_1_15_aab3238922bcc25a at time 2.34s. Cache hit: False
2025-05-06 16:02:24,186 - DEBUG - Cache is not full, inserting 1_1_14_c51ce410c124a10e.
2025-05-06 16:02:24,186 - INFO - Job RESNET18 processing batch 1_1_13_c20ad4d76fe97759 at time 2.49s. Cache hit: True
2025-05-06 16:02:24,186 - DEBUG - Cache is not full, inserting 1_1_15_aab3238922bcc25a.
2025-05-06 16:02:24,186 - INFO - Job RESNET18 processing batch 1_1_15_aab3238922bcc25a at time 2.60s. Cache hit: True
2025-05-06 16:02:24,186 - INFO - Job SHUFFLENETV2 processing batch 1_1_14_c51ce410c124a10e at time 2.62s. Cache hit: True
2025-05-06 16:02:24,186 - INFO - Job RESNET50 processing batch 1_1_8_8f14e45fceea167a at time 2.65s. Cache hit: True
2025-05-06 16:02:24,186 - INFO - Job SHUFFLENETV2 processing batch 1_1_16_9bf31c7ff062936a at time 2.69s. Cache hit: False
2025-05-06 16:02:24,186 - INFO - Job RESNET18 processing batch 1_1_17_c74d97b01eae257e at time 2.72s. Cache hit: False
2025-05-06 16:02:24,186 - INFO - Job VGG16 processing batch 1_1_6_e4da3b7fbbce2345 at time 2.82s. Cache hit: True
2025-05-06 16:02:24,186 - DEBUG - Cache is not full, inserting 1_1_16_9bf31c7ff062936a.
2025-05-06 16:02:24,187 - DEBUG - Cache is not full, inserting 1_1_17_c74d97b01eae257e.
2025-05-06 16:02:24,187 - INFO - Job SHUFFLENETV2 processing batch 1_1_17_c74d97b01eae257e at time 2.96s. Cache hit: True
2025-05-06 16:02:24,187 - INFO - Job RESNET50 processing batch 1_1_9_c9f0f895fb98ab91 at time 3.00s. Cache hit: True
2025-05-06 16:02:24,187 - INFO - Job RESNET18 processing batch 1_1_16_9bf31c7ff062936a at time 3.03s. Cache hit: True
2025-05-06 16:02:24,187 - INFO - Job SHUFFLENETV2 processing batch 1_1_18_70efdf2ec9b08607 at time 3.03s. Cache hit: False
2025-05-06 16:02:24,187 - INFO - Job RESNET18 processing batch 1_1_19_6f4922f45568161a at time 3.15s. Cache hit: False
2025-05-06 16:02:24,187 - DEBUG - Cache is not full, inserting 1_1_18_70efdf2ec9b08607.
2025-05-06 16:02:24,187 - INFO - Job SHUFFLENETV2 processing batch 1_1_20_1f0e3dad99908345 at time 3.31s. Cache hit: False
2025-05-06 16:02:24,187 - DEBUG - Cache is not full, inserting 1_1_19_6f4922f45568161a.
2025-05-06 16:02:24,187 - INFO - Job RESNET50 processing batch 1_1_10_45c48cce2e2d7fbd at time 3.35s. Cache hit: True
2025-05-06 16:02:24,187 - INFO - Job VGG16 processing batch 1_1_7_1679091c5a880faf at time 3.35s. Cache hit: True
2025-05-06 16:02:24,189 - INFO - Job RESNET18 processing batch 1_1_18_70efdf2ec9b08607 at time 3.46s. Cache hit: True
2025-05-06 16:02:24,189 - DEBUG - Cache is not full, inserting 1_1_20_1f0e3dad99908345.
2025-05-06 16:02:24,189 - INFO - Job RESNET18 processing batch 1_1_20_1f0e3dad99908345 at time 3.57s. Cache hit: True
2025-05-06 16:02:24,189 - INFO - Job SHUFFLENETV2 processing batch 1_1_19_6f4922f45568161a at time 3.58s. Cache hit: True
2025-05-06 16:02:24,189 - INFO - Job SHUFFLENETV2 processing batch 1_1_21_98f13708210194c4 at time 3.65s. Cache hit: False
2025-05-06 16:02:24,189 - INFO - Job RESNET18 processing batch 1_1_22_3c59dc048e885024 at time 3.69s. Cache hit: False
2025-05-06 16:02:24,189 - INFO - Job RESNET50 processing batch 1_1_11_d3d9446802a44259 at time 3.69s. Cache hit: True
2025-05-06 16:02:24,189 - DEBUG - Cache is not full, inserting 1_1_21_98f13708210194c4.
2025-05-06 16:02:24,189 - INFO - Job VGG16 processing batch 1_1_8_8f14e45fceea167a at time 3.87s. Cache hit: True
2025-05-06 16:02:24,189 - DEBUG - Cache is not full, inserting 1_1_22_3c59dc048e885024.
2025-05-06 16:02:24,190 - INFO - Job SHUFFLENETV2 processing batch 1_1_22_3c59dc048e885024 at time 3.92s. Cache hit: True
2025-05-06 16:02:24,190 - INFO - Job SHUFFLENETV2 processing batch 1_1_23_b6d767d2f8ed5d21 at time 4.00s. Cache hit: False
2025-05-06 16:02:24,190 - INFO - Job RESNET18 processing batch 1_1_21_98f13708210194c4 at time 4.00s. Cache hit: True
2025-05-06 16:02:24,190 - INFO - Job RESNET50 processing batch 1_1_12_6512bd43d9caa6e0 at time 4.04s. Cache hit: True
2025-05-06 16:02:24,190 - INFO - Job RESNET18 processing batch 1_1_24_37693cfc748049e4 at time 4.12s. Cache hit: False
2025-05-06 16:02:24,190 - DEBUG - Cache is not full, inserting 1_1_23_b6d767d2f8ed5d21.
2025-05-06 16:02:24,190 - INFO - Job SHUFFLENETV2 processing batch 1_1_25_1ff1de774005f8da at time 4.27s. Cache hit: False
2025-05-06 16:02:24,190 - DEBUG - Cache is not full, inserting 1_1_24_37693cfc748049e4.
2025-05-06 16:02:24,190 - INFO - Job RESNET50 processing batch 1_1_13_c20ad4d76fe97759 at time 4.39s. Cache hit: True
2025-05-06 16:02:24,190 - INFO - Job VGG16 processing batch 1_1_9_c9f0f895fb98ab91 at time 4.40s. Cache hit: True
2025-05-06 16:02:24,190 - INFO - Job RESNET18 processing batch 1_1_23_b6d767d2f8ed5d21 at time 4.43s. Cache hit: True
2025-05-06 16:02:24,191 - DEBUG - Cache is not full, inserting 1_1_25_1ff1de774005f8da.
2025-05-06 16:02:24,191 - INFO - Job SHUFFLENETV2 processing batch 1_1_24_37693cfc748049e4 at time 4.54s. Cache hit: True
2025-05-06 16:02:24,191 - INFO - Job RESNET18 processing batch 1_1_25_1ff1de774005f8da at time 4.55s. Cache hit: True
2025-05-06 16:02:24,191 - INFO - Job SHUFFLENETV2 processing batch 1_1_26_8e296a067a375633 at time 4.61s. Cache hit: False
2025-05-06 16:02:24,191 - INFO - Job RESNET18 processing batch 1_1_27_4e732ced3463d06d at time 4.66s. Cache hit: False
2025-05-06 16:02:24,191 - INFO - Job RESNET50 processing batch 1_1_14_c51ce410c124a10e at time 4.74s. Cache hit: True
2025-05-06 16:02:24,191 - DEBUG - Cache is full, evicting 1_1_1_cfcd208495d565ef for 1_1_26_8e296a067a375633.
2025-05-06 16:04:23,765 - DEBUG - Cache is full, evicting 1_1_1_cfcd208495d565ef for 1_1_27_4e732ced3463d06d.
2025-05-06 16:04:24,630 - INFO - Job SHUFFLENETV2 processing batch 1_1_27_4e732ced3463d06d at time 4.89s. Cache hit: False
2025-05-06 16:04:24,631 - INFO - Job VGG16 processing batch 1_1_10_45c48cce2e2d7fbd at time 4.92s. Cache hit: True
2025-05-06 16:04:24,631 - INFO - Job RESNET18 processing batch 1_1_26_8e296a067a375633 at time 4.97s. Cache hit: True
2025-05-06 16:04:24,631 - DEBUG - Cache is full, but no eviction candidate found for 1_1_27_4e732ced3463d06d.
2025-05-06 16:04:24,632 - INFO - Job RESNET18 processing batch 1_1_28_02e74f10e0327ad8 at time 5.09s. Cache hit: False
2025-05-06 16:04:24,632 - INFO - Job RESNET50 processing batch 1_1_15_aab3238922bcc25a at time 5.09s. Cache hit: True
2025-05-06 16:04:24,632 - INFO - Job SHUFFLENETV2 processing batch 1_1_29_33e75ff09dd601bb at time 5.16s. Cache hit: False
2025-05-06 16:04:24,632 - DEBUG - Cache is full, evicting 1_1_4_eccbc87e4b5ce2fe for 1_1_28_02e74f10e0327ad8.
2025-05-06 16:04:25,609 - DEBUG - Cache is full, evicting 1_1_4_eccbc87e4b5ce2fe for 1_1_29_33e75ff09dd601bb.
2025-05-06 16:04:25,609 - INFO - Job RESNET18 processing batch 1_1_29_33e75ff09dd601bb at time 5.40s. Cache hit: False
2025-05-06 16:04:25,609 - INFO - Job SHUFFLENETV2 processing batch 1_1_28_02e74f10e0327ad8 at time 5.43s. Cache hit: True
2025-05-06 16:04:25,609 - INFO - Job RESNET50 processing batch 1_1_16_9bf31c7ff062936a at time 5.44s. Cache hit: True
2025-05-06 16:04:25,609 - INFO - Job VGG16 processing batch 1_1_11_d3d9446802a44259 at time 5.45s. Cache hit: True
2025-05-06 16:04:25,610 - INFO - Job SHUFFLENETV2 processing batch 1_1_30_6ea9ab1baa0efb9e at time 5.50s. Cache hit: False
2025-05-06 16:04:25,610 - DEBUG - Cache is full, but no eviction candidate found for 1_1_29_33e75ff09dd601bb.
2025-05-06 16:04:25,610 - DEBUG - Cache is full, evicting 1_1_3_c81e728d9d4c2f63 for 1_1_30_6ea9ab1baa0efb9e.
2025-05-06 16:04:25,610 - INFO - Job RESNET18 processing batch 1_1_30_6ea9ab1baa0efb9e at time 5.72s. Cache hit: True
2025-05-06 16:04:25,610 - INFO - Job SHUFFLENETV2 processing batch 1_1_31_34173cb38f07f89d at time 5.78s. Cache hit: False
2025-05-06 16:04:25,610 - INFO - Job RESNET50 processing batch 1_1_17_c74d97b01eae257e at time 5.79s. Cache hit: True
2025-05-06 16:04:25,610 - INFO - Job RESNET18 processing batch 1_1_32_c16a5320fa475530 at time 5.83s. Cache hit: False
2025-05-06 16:04:25,610 - INFO - Job VGG16 processing batch 1_1_12_6512bd43d9caa6e0 at time 5.97s. Cache hit: True
2025-05-06 16:04:25,610 - DEBUG - Cache is full, evicting 1_1_2_c4ca4238a0b92382 for 1_1_31_34173cb38f07f89d.
2025-05-06 16:04:25,610 - DEBUG - Cache is full, evicting 1_1_2_c4ca4238a0b92382 for 1_1_32_c16a5320fa475530.
2025-05-06 16:04:25,610 - INFO - Job SHUFFLENETV2 processing batch 1_1_32_c16a5320fa475530 at time 6.05s. Cache hit: False
2025-05-06 16:04:25,611 - INFO - Job RESNET50 processing batch 1_1_18_70efdf2ec9b08607 at time 6.14s. Cache hit: True
2025-05-06 16:04:25,611 - INFO - Job RESNET18 processing batch 1_1_31_34173cb38f07f89d at time 6.15s. Cache hit: True
2025-05-06 16:04:25,611 - DEBUG - Cache is full, but no eviction candidate found for 1_1_32_c16a5320fa475530.
2025-05-06 16:04:25,611 - INFO - Job RESNET18 processing batch 1_1_33_6364d3f0f495b6ab at time 6.26s. Cache hit: False
2025-05-06 16:04:25,611 - INFO - Job SHUFFLENETV2 processing batch 1_1_34_182be0c5cdcd5072 at time 6.32s. Cache hit: False
2025-05-06 16:04:25,611 - DEBUG - Cache is full, evicting 1_1_5_a87ff679a2f3e71d for 1_1_33_6364d3f0f495b6ab.
2025-05-06 16:04:25,611 - INFO - Job RESNET50 processing batch 1_1_19_6f4922f45568161a at time 6.49s. Cache hit: True
2025-05-06 16:04:25,611 - INFO - Job VGG16 processing batch 1_1_13_c20ad4d76fe97759 at time 6.50s. Cache hit: True
2025-05-06 16:04:25,611 - DEBUG - Cache is full, evicting 1_1_5_a87ff679a2f3e71d for 1_1_34_182be0c5cdcd5072.
2025-05-06 16:04:25,611 - INFO - Job RESNET18 processing batch 1_1_34_182be0c5cdcd5072 at time 6.58s. Cache hit: False
2025-05-06 16:04:25,611 - INFO - Job SHUFFLENETV2 processing batch 1_1_33_6364d3f0f495b6ab at time 6.59s. Cache hit: True
2025-05-06 16:04:25,612 - INFO - Job SHUFFLENETV2 processing batch 1_1_35_e369853df766fa44 at time 6.67s. Cache hit: False
2025-05-06 16:04:25,612 - DEBUG - Cache is full, but no eviction candidate found for 1_1_34_182be0c5cdcd5072.
2025-05-06 16:04:25,612 - INFO - Job RESNET50 processing batch 1_1_20_1f0e3dad99908345 at time 6.84s. Cache hit: True
2025-05-06 16:04:25,612 - DEBUG - Cache is full, evicting 1_1_6_e4da3b7fbbce2345 for 1_1_35_e369853df766fa44.
2025-05-06 16:04:25,612 - INFO - Job RESNET18 processing batch 1_1_35_e369853df766fa44 at time 6.89s. Cache hit: True
2025-05-06 16:04:25,612 - INFO - Job SHUFFLENETV2 processing batch 1_1_36_1c383cd30b7c298a at time 6.94s. Cache hit: False
2025-05-06 16:04:25,612 - INFO - Job RESNET18 processing batch 1_1_37_19ca14e7ea6328a4 at time 7.00s. Cache hit: False
2025-05-06 16:04:25,612 - INFO - Job VGG16 processing batch 1_1_14_c51ce410c124a10e at time 7.02s. Cache hit: True
2025-05-06 16:04:25,612 - DEBUG - Cache is full, evicting 1_1_7_1679091c5a880faf for 1_1_36_1c383cd30b7c298a.
2025-05-06 16:04:25,612 - INFO - Job RESNET50 processing batch 1_1_21_98f13708210194c4 at time 7.19s. Cache hit: True
2025-05-06 16:04:25,613 - DEBUG - Cache is full, evicting 1_1_7_1679091c5a880faf for 1_1_37_19ca14e7ea6328a4.
2025-05-06 16:04:25,613 - INFO - Job SHUFFLENETV2 processing batch 1_1_38_a5bfc9e07964f8dd at time 7.21s. Cache hit: False
2025-05-06 16:04:25,613 - INFO - Job RESNET18 processing batch 1_1_36_1c383cd30b7c298a at time 7.32s. Cache hit: True
2025-05-06 16:04:25,613 - DEBUG - Cache is full, evicting 1_1_8_8f14e45fceea167a for 1_1_38_a5bfc9e07964f8dd.
2025-05-06 16:04:25,613 - INFO - Job RESNET18 processing batch 1_1_38_a5bfc9e07964f8dd at time 7.43s. Cache hit: True
2025-05-06 16:04:25,614 - INFO - Job SHUFFLENETV2 processing batch 1_1_37_19ca14e7ea6328a4 at time 7.48s. Cache hit: False
2025-05-06 16:04:25,614 - INFO - Job RESNET50 processing batch 1_1_22_3c59dc048e885024 at time 7.54s. Cache hit: True
2025-05-06 16:04:25,614 - INFO - Job RESNET18 processing batch 1_1_39_a5771bce93e200c3 at time 7.55s. Cache hit: False
2025-05-06 16:04:25,614 - INFO - Job VGG16 processing batch 1_1_15_aab3238922bcc25a at time 7.55s. Cache hit: True
2025-05-06 16:04:25,614 - DEBUG - Cache is full, but no eviction candidate found for 1_1_37_19ca14e7ea6328a4.
2025-05-06 16:04:25,614 - DEBUG - Cache is full, evicting 1_1_9_c9f0f895fb98ab91 for 1_1_39_a5771bce93e200c3.
2025-05-06 16:04:25,614 - INFO - Job SHUFFLENETV2 processing batch 1_1_40_d67d8ab4f4c10bf2 at time 7.76s. Cache hit: False
2025-05-06 16:04:25,614 - INFO - Job RESNET18 processing batch 1_1_41_d645920e395fedad at time 7.86s. Cache hit: False
2025-05-06 16:04:25,614 - INFO - Job RESNET50 processing batch 1_1_23_b6d767d2f8ed5d21 at time 7.89s. Cache hit: True
2025-05-06 16:04:25,614 - DEBUG - Cache is full, evicting 1_1_9_c9f0f895fb98ab91 for 1_1_40_d67d8ab4f4c10bf2.
2025-05-06 16:04:25,614 - INFO - Job SHUFFLENETV2 processing batch 1_1_39_a5771bce93e200c3 at time 8.03s. Cache hit: True
2025-05-06 16:04:25,614 - DEBUG - Cache is full, evicting 1_1_10_45c48cce2e2d7fbd for 1_1_41_d645920e395fedad.
2025-05-06 16:04:25,615 - INFO - Job VGG16 processing batch 1_1_16_9bf31c7ff062936a at time 8.07s. Cache hit: True
2025-05-06 16:04:25,615 - INFO - Job SHUFFLENETV2 processing batch 1_1_41_d645920e395fedad at time 8.10s. Cache hit: True
2025-05-06 16:04:25,615 - INFO - Job SHUFFLENETV2 processing batch 1_1_42_3416a75f4cea9109 at time 8.17s. Cache hit: False
2025-05-06 16:04:25,615 - INFO - Job RESNET18 processing batch 1_1_40_d67d8ab4f4c10bf2 at time 8.18s. Cache hit: False
2025-05-06 16:04:25,615 - INFO - Job RESNET50 processing batch 1_1_24_37693cfc748049e4 at time 8.24s. Cache hit: True
2025-05-06 16:04:25,615 - DEBUG - Cache is full, evicting 1_1_11_d3d9446802a44259 for 1_1_42_3416a75f4cea9109.
2025-05-06 16:04:25,615 - DEBUG - Cache is full, but no eviction candidate found for 1_1_40_d67d8ab4f4c10bf2.
2025-05-06 16:04:25,615 - INFO - Job SHUFFLENETV2 processing batch 1_1_43_a1d0c6e83f027327 at time 8.45s. Cache hit: False
2025-05-06 16:04:25,615 - INFO - Job RESNET18 processing batch 1_1_42_3416a75f4cea9109 at time 8.49s. Cache hit: True
2025-05-06 16:04:25,615 - INFO - Job RESNET50 processing batch 1_1_25_1ff1de774005f8da at time 8.59s. Cache hit: True
2025-05-06 16:04:25,615 - INFO - Job VGG16 processing batch 1_1_17_c74d97b01eae257e at time 8.60s. Cache hit: True
2025-05-06 16:04:25,616 - INFO - Job RESNET18 processing batch 1_1_44_17e62166fc8586df at time 8.61s. Cache hit: False
2025-05-06 16:04:25,616 - DEBUG - Cache is full, evicting 1_1_12_6512bd43d9caa6e0 for 1_1_43_a1d0c6e83f027327.
2025-05-06 16:04:25,616 - INFO - Job SHUFFLENETV2 processing batch 1_1_45_f7177163c833dff4 at time 8.72s. Cache hit: False
2025-05-06 16:04:25,616 - DEBUG - Cache is full, but no eviction candidate found for 1_1_44_17e62166fc8586df.
2025-05-06 16:04:25,616 - DEBUG - Cache is full, but no eviction candidate found for 1_1_45_f7177163c833dff4.
2025-05-06 16:04:25,616 - INFO - Job RESNET18 processing batch 1_1_43_a1d0c6e83f027327 at time 8.92s. Cache hit: True
2025-05-06 16:04:25,616 - INFO - Job RESNET50 processing batch 1_1_43_a1d0c6e83f027327 at time 8.94s. Cache hit: True
2025-05-06 16:04:25,616 - INFO - Job SHUFFLENETV2 processing batch 1_1_46_6c8349cc7260ae62 at time 8.99s. Cache hit: False
2025-05-06 16:04:25,616 - INFO - Job RESNET18 processing batch 1_1_47_d9d4f495e875a2e0 at time 9.03s. Cache hit: False
2025-05-06 16:04:25,617 - INFO - Job VGG16 processing batch 1_1_18_70efdf2ec9b08607 at time 9.12s. Cache hit: True
2025-05-06 16:04:25,617 - DEBUG - Cache is full, but no eviction candidate found for 1_1_46_6c8349cc7260ae62.
2025-05-06 16:04:25,617 - DEBUG - Cache is full, but no eviction candidate found for 1_1_47_d9d4f495e875a2e0.
2025-05-06 16:04:25,617 - INFO - Job SHUFFLENETV2 processing batch 1_1_48_67c6a1e7ce56d3d6 at time 9.26s. Cache hit: False
2025-05-06 16:04:25,617 - INFO - Job RESNET50 processing batch 1_1_26_8e296a067a375633 at time 9.29s. Cache hit: True
2025-05-06 16:04:25,617 - INFO - Job RESNET18 processing batch 1_1_49_642e92efb7942173 at time 9.35s. Cache hit: False
2025-05-06 16:04:25,617 - DEBUG - Cache is full, but no eviction candidate found for 1_1_48_67c6a1e7ce56d3d6.
2025-05-06 16:04:25,617 - INFO - Job SHUFFLENETV2 processing batch 1_1_50_f457c545a9ded88f at time 9.54s. Cache hit: False
2025-05-06 16:04:25,617 - DEBUG - Cache is full, but no eviction candidate found for 1_1_49_642e92efb7942173.
2025-05-06 16:04:25,617 - INFO - Job RESNET50 processing batch 1_1_27_4e732ced3463d06d at time 9.64s. Cache hit: False
2025-05-06 16:04:25,617 - INFO - Job VGG16 processing batch 1_1_19_6f4922f45568161a at time 9.65s. Cache hit: True
2025-05-06 16:04:25,617 - INFO - Job RESNET18 processing batch 1_1_51_c0c7c76d30bd3dca at time 9.66s. Cache hit: False
2025-05-06 16:04:25,617 - DEBUG - Cache is full, but no eviction candidate found for 1_1_50_f457c545a9ded88f.
2025-05-06 16:04:25,618 - INFO - Job SHUFFLENETV2 processing batch 1_1_52_2838023a778dfaec at time 9.81s. Cache hit: False
2025-05-06 16:04:25,618 - DEBUG - Cache is full, but no eviction candidate found for 1_1_27_4e732ced3463d06d.
2025-05-06 16:04:25,618 - DEBUG - Cache is full, but no eviction candidate found for 1_1_51_c0c7c76d30bd3dca.
2025-05-06 16:04:25,618 - INFO - Job RESNET18 processing batch 1_1_53_9a1158154dfa42ca at time 9.98s. Cache hit: False
2025-05-06 16:04:25,618 - DEBUG - Cache is full, but no eviction candidate found for 1_1_52_2838023a778dfaec.
2025-05-06 16:04:25,618 - INFO - Job SHUFFLENETV2 processing batch 1_1_54_d82c8d1619ad8176 at time 10.08s. Cache hit: False
2025-05-06 16:04:25,618 - INFO - Job VGG16 processing batch 1_1_20_1f0e3dad99908345 at time 10.17s. Cache hit: True
2025-05-06 16:04:25,619 - DEBUG - Cache is full, but no eviction candidate found for 1_1_53_9a1158154dfa42ca.
2025-05-06 16:04:25,619 - INFO - Job RESNET50 processing batch 1_1_28_02e74f10e0327ad8 at time 10.19s. Cache hit: True
2025-05-06 16:04:25,619 - DEBUG - Cache is full, but no eviction candidate found for 1_1_54_d82c8d1619ad8176.
2025-05-06 16:04:25,619 - INFO - Job RESNET18 processing batch 1_1_55_a684eceee76fc522 at time 10.29s. Cache hit: False
2025-05-06 16:04:25,619 - INFO - Job SHUFFLENETV2 processing batch 1_1_56_b53b3a3d6ab90ce0 at time 10.35s. Cache hit: False
2025-05-06 16:04:25,619 - DEBUG - Cache is full, but no eviction candidate found for 1_1_55_a684eceee76fc522.
2025-05-06 16:04:25,619 - INFO - Job RESNET50 processing batch 1_1_29_33e75ff09dd601bb at time 10.53s. Cache hit: False
2025-05-06 16:04:25,619 - DEBUG - Cache is full, but no eviction candidate found for 1_1_56_b53b3a3d6ab90ce0.
2025-05-06 16:04:25,619 - INFO - Job RESNET18 processing batch 1_1_57_9f61408e3afb633e at time 10.61s. Cache hit: False
2025-05-06 16:04:25,619 - INFO - Job SHUFFLENETV2 processing batch 1_1_58_72b32a1f754ba1c0 at time 10.63s. Cache hit: False
2025-05-06 16:04:25,619 - INFO - Job VGG16 processing batch 1_1_21_98f13708210194c4 at time 10.70s. Cache hit: True
2025-05-06 16:04:25,620 - DEBUG - Cache is full, but no eviction candidate found for 1_1_29_33e75ff09dd601bb.
2025-05-06 16:04:25,620 - DEBUG - Cache is full, but no eviction candidate found for 1_1_57_9f61408e3afb633e.
2025-05-06 16:04:25,620 - DEBUG - Cache is full, but no eviction candidate found for 1_1_58_72b32a1f754ba1c0.
2025-05-06 16:04:25,620 - INFO - Job SHUFFLENETV2 processing batch 1_1_59_66f041e16a60928b at time 10.90s. Cache hit: False
2025-05-06 16:04:25,620 - INFO - Job RESNET18 processing batch 1_1_60_093f65e080a295f8 at time 10.92s. Cache hit: False
2025-05-06 16:04:25,620 - INFO - Job RESNET50 processing batch 1_1_30_6ea9ab1baa0efb9e at time 11.08s. Cache hit: True
2025-05-06 16:04:25,620 - DEBUG - Cache is full, but no eviction candidate found for 1_1_59_66f041e16a60928b.
2025-05-06 16:04:25,620 - DEBUG - Cache is full, but no eviction candidate found for 1_1_60_093f65e080a295f8.
2025-05-06 16:04:25,620 - INFO - Job SHUFFLENETV2 processing batch 1_1_61_072b030ba126b2f4 at time 11.17s. Cache hit: False
2025-05-06 16:04:25,620 - INFO - Job VGG16 processing batch 1_1_22_3c59dc048e885024 at time 11.22s. Cache hit: True
2025-05-06 16:04:25,620 - INFO - Job RESNET18 processing batch 1_1_62_7f39f8317fbdb198 at time 11.24s. Cache hit: False
2025-05-06 16:04:25,620 - DEBUG - Cache is full, but no eviction candidate found for 1_1_61_072b030ba126b2f4.
2025-05-06 16:04:25,620 - INFO - Job RESNET50 processing batch 1_1_31_34173cb38f07f89d at time 11.43s. Cache hit: True
2025-05-06 16:04:25,620 - DEBUG - Cache is full, but no eviction candidate found for 1_1_62_7f39f8317fbdb198.
2025-05-06 16:04:25,620 - INFO - Job SHUFFLENETV2 processing batch 1_1_63_44f683a84163b352 at time 11.44s. Cache hit: False
2025-05-06 16:04:25,620 - INFO - Job RESNET18 processing batch 1_1_64_03afdbd66e7929b1 at time 11.55s. Cache hit: False
2025-05-06 16:04:25,620 - DEBUG - Cache is full, but no eviction candidate found for 1_1_63_44f683a84163b352.
2025-05-06 16:04:25,621 - INFO - Job SHUFFLENETV2 processing batch 1_1_65_ea5d2f1c4608232e at time 11.72s. Cache hit: False
2025-05-06 16:04:25,621 - INFO - Job VGG16 processing batch 1_1_23_b6d767d2f8ed5d21 at time 11.75s. Cache hit: True
2025-05-06 16:04:25,621 - DEBUG - Cache is full, but no eviction candidate found for 1_1_64_03afdbd66e7929b1.
2025-05-06 16:04:25,621 - INFO - Job RESNET50 processing batch 1_1_32_c16a5320fa475530 at time 11.78s. Cache hit: False
2025-05-06 16:04:25,621 - INFO - Job RESNET18 processing batch 1_1_66_fc490ca45c00b124 at time 11.86s. Cache hit: False
2025-05-06 16:04:25,621 - DEBUG - Cache is full, but no eviction candidate found for 1_1_65_ea5d2f1c4608232e.
2025-05-06 16:04:25,621 - DEBUG - Cache is full, but no eviction candidate found for 1_1_32_c16a5320fa475530.
2025-05-06 16:04:25,621 - INFO - Job SHUFFLENETV2 processing batch 1_1_67_3295c76acbf4caae at time 11.99s. Cache hit: False
2025-05-06 16:04:25,621 - DEBUG - Cache is full, but no eviction candidate found for 1_1_66_fc490ca45c00b124.
2025-05-06 16:04:25,621 - INFO - Job RESNET18 processing batch 1_1_68_735b90b4568125ed at time 12.18s. Cache hit: False
2025-05-06 16:04:25,621 - DEBUG - Cache is full, but no eviction candidate found for 1_1_67_3295c76acbf4caae.
2025-05-06 16:04:25,621 - INFO - Job SHUFFLENETV2 processing batch 1_1_69_a3f390d88e4c41f2 at time 12.26s. Cache hit: False
2025-05-06 16:04:25,622 - INFO - Job VGG16 processing batch 1_1_24_37693cfc748049e4 at time 12.27s. Cache hit: True
2025-05-06 16:04:25,622 - INFO - Job RESNET50 processing batch 1_1_33_6364d3f0f495b6ab at time 12.33s. Cache hit: True
2025-05-06 16:04:25,622 - DEBUG - Cache is full, but no eviction candidate found for 1_1_68_735b90b4568125ed.
2025-05-06 16:04:25,622 - DEBUG - Cache is full, but no eviction candidate found for 1_1_69_a3f390d88e4c41f2.
2025-05-06 16:04:25,622 - INFO - Job RESNET18 processing batch 1_1_70_14bfa6bb14875e45 at time 12.49s. Cache hit: False
2025-05-06 16:04:25,622 - INFO - Job SHUFFLENETV2 processing batch 1_1_71_7cbbc409ec990f19 at time 12.53s. Cache hit: False
2025-05-06 16:04:25,622 - INFO - Job RESNET50 processing batch 1_1_34_182be0c5cdcd5072 at time 12.68s. Cache hit: False
2025-05-06 16:04:25,622 - DEBUG - Cache is full, but no eviction candidate found for 1_1_70_14bfa6bb14875e45.
2025-05-06 16:04:25,622 - DEBUG - Cache is full, but no eviction candidate found for 1_1_71_7cbbc409ec990f19.
2025-05-06 16:04:25,622 - INFO - Job VGG16 processing batch 1_1_25_1ff1de774005f8da at time 12.80s. Cache hit: True
2025-05-06 16:04:25,622 - INFO - Job SHUFFLENETV2 processing batch 1_1_72_e2c420d928d4bf8c at time 12.81s. Cache hit: False
2025-05-06 16:04:25,623 - INFO - Job RESNET18 processing batch 1_1_73_32bb90e8976aab52 at time 12.81s. Cache hit: False
2025-05-06 16:04:25,623 - DEBUG - Cache is full, but no eviction candidate found for 1_1_34_182be0c5cdcd5072.
2025-05-06 16:04:25,623 - DEBUG - Cache is full, but no eviction candidate found for 1_1_72_e2c420d928d4bf8c.
2025-05-06 16:04:25,623 - DEBUG - Cache is full, but no eviction candidate found for 1_1_73_32bb90e8976aab52.
2025-05-06 16:04:25,623 - INFO - Job SHUFFLENETV2 processing batch 1_1_74_d2ddea18f00665ce at time 13.08s. Cache hit: False
2025-05-06 16:04:25,623 - INFO - Job RESNET18 processing batch 1_1_75_ad61ab143223efbc at time 13.12s. Cache hit: False
2025-05-06 16:04:25,623 - INFO - Job RESNET50 processing batch 1_1_35_e369853df766fa44 at time 13.23s. Cache hit: True
2025-05-06 16:04:25,623 - DEBUG - Cache is full, but no eviction candidate found for 1_1_74_d2ddea18f00665ce.
2025-05-06 16:04:25,623 - DEBUG - Cache is full, but no eviction candidate found for 1_1_75_ad61ab143223efbc.
2025-05-06 16:04:25,623 - INFO - Job VGG16 processing batch 1_1_26_8e296a067a375633 at time 13.32s. Cache hit: True
2025-05-06 16:04:25,623 - INFO - Job SHUFFLENETV2 processing batch 1_1_76_d09bf41544a3365a at time 13.35s. Cache hit: False
2025-05-06 16:04:25,624 - INFO - Job RESNET18 processing batch 1_1_77_fbd7939d674997cd at time 13.44s. Cache hit: False
2025-05-06 16:04:25,624 - DEBUG - Cache is full, but no eviction candidate found for 1_1_76_d09bf41544a3365a.
2025-05-06 16:04:25,624 - INFO - Job RESNET50 processing batch 1_1_36_1c383cd30b7c298a at time 13.58s. Cache hit: True
2025-05-06 16:04:25,624 - INFO - Job SHUFFLENETV2 processing batch 1_1_78_28dd2c7955ce9264 at time 13.62s. Cache hit: False
2025-05-06 16:04:25,624 - DEBUG - Cache is full, but no eviction candidate found for 1_1_77_fbd7939d674997cd.
2025-05-06 16:04:25,624 - INFO - Job RESNET18 processing batch 1_1_79_35f4a8d465e6e1ed at time 13.75s. Cache hit: False
2025-05-06 16:04:25,624 - DEBUG - Cache is full, but no eviction candidate found for 1_1_78_28dd2c7955ce9264.
2025-05-06 16:04:25,624 - INFO - Job VGG16 processing batch 1_1_27_4e732ced3463d06d at time 13.85s. Cache hit: False
2025-05-06 16:04:25,624 - INFO - Job SHUFFLENETV2 processing batch 1_1_80_d1fe173d08e95939 at time 13.90s. Cache hit: False
2025-05-06 16:04:25,624 - INFO - Job RESNET50 processing batch 1_1_37_19ca14e7ea6328a4 at time 13.93s. Cache hit: False
2025-05-06 16:04:25,624 - DEBUG - Cache is full, but no eviction candidate found for 1_1_79_35f4a8d465e6e1ed.
2025-05-06 16:04:25,625 - DEBUG - Cache is full, but no eviction candidate found for 1_1_27_4e732ced3463d06d.
2025-05-06 16:04:25,625 - INFO - Job RESNET18 processing batch 1_1_81_f033ab37c30201f7 at time 14.07s. Cache hit: False
2025-05-06 16:04:25,625 - DEBUG - Cache is full, but no eviction candidate found for 1_1_80_d1fe173d08e95939.
2025-05-06 16:04:25,625 - DEBUG - Cache is full, but no eviction candidate found for 1_1_37_19ca14e7ea6328a4.
2025-05-06 16:04:25,625 - INFO - Job SHUFFLENETV2 processing batch 1_1_82_43ec517d68b6edd3 at time 14.17s. Cache hit: False
2025-05-06 16:04:25,625 - DEBUG - Cache is full, but no eviction candidate found for 1_1_81_f033ab37c30201f7.
2025-05-06 16:04:25,625 - DEBUG - Cache is full, but no eviction candidate found for 1_1_82_43ec517d68b6edd3.
2025-05-06 16:04:25,625 - INFO - Job RESNET18 processing batch 1_1_83_9778d5d219c5080b at time 14.38s. Cache hit: False
2025-05-06 16:04:25,625 - INFO - Job SHUFFLENETV2 processing batch 1_1_84_fe9fc289c3ff0af1 at time 14.44s. Cache hit: False
2025-05-06 16:04:25,625 - INFO - Job RESNET50 processing batch 1_1_38_a5bfc9e07964f8dd at time 14.48s. Cache hit: True
2025-05-06 16:04:25,625 - INFO - Job VGG16 processing batch 1_1_28_02e74f10e0327ad8 at time 14.57s. Cache hit: True
2025-05-06 16:04:25,625 - DEBUG - Cache is full, but no eviction candidate found for 1_1_83_9778d5d219c5080b.
2025-05-06 16:04:25,626 - DEBUG - Cache is full, but no eviction candidate found for 1_1_84_fe9fc289c3ff0af1.
2025-05-06 16:04:25,626 - INFO - Job RESNET18 processing batch 1_1_85_68d30a9594728bc3 at time 14.69s. Cache hit: False
2025-05-06 16:04:25,626 - INFO - Job SHUFFLENETV2 processing batch 1_1_86_3ef815416f775098 at time 14.71s. Cache hit: False
2025-05-06 16:04:25,626 - INFO - Job RESNET50 processing batch 1_1_39_a5771bce93e200c3 at time 14.83s. Cache hit: True
2025-05-06 16:04:25,626 - DEBUG - Cache is full, but no eviction candidate found for 1_1_85_68d30a9594728bc3.
2025-05-06 16:04:25,626 - DEBUG - Cache is full, but no eviction candidate found for 1_1_86_3ef815416f775098.
2025-05-06 16:04:25,626 - INFO - Job SHUFFLENETV2 processing batch 1_1_87_93db85ed909c1383 at time 14.99s. Cache hit: False
2025-05-06 16:04:25,626 - INFO - Job RESNET18 processing batch 1_1_88_c7e1249ffc03eb9d at time 15.01s. Cache hit: False
2025-05-06 16:04:25,626 - INFO - Job VGG16 processing batch 1_1_29_33e75ff09dd601bb at time 15.10s. Cache hit: False
2025-05-06 16:04:25,626 - INFO - Job RESNET50 processing batch 1_1_40_d67d8ab4f4c10bf2 at time 15.18s. Cache hit: False
2025-05-06 16:04:25,626 - DEBUG - Cache is full, but no eviction candidate found for 1_1_87_93db85ed909c1383.
2025-05-06 16:04:25,626 - DEBUG - Cache is full, but no eviction candidate found for 1_1_88_c7e1249ffc03eb9d.
2025-05-06 16:04:25,627 - INFO - Job SHUFFLENETV2 processing batch 1_1_89_2a38a4a9316c49e5 at time 15.26s. Cache hit: False
2025-05-06 16:04:25,627 - DEBUG - Cache is full, but no eviction candidate found for 1_1_29_33e75ff09dd601bb.
2025-05-06 16:04:25,627 - INFO - Job RESNET18 processing batch 1_1_90_7647966b7343c290 at time 15.32s. Cache hit: False
2025-05-06 16:04:25,627 - DEBUG - Cache is full, but no eviction candidate found for 1_1_40_d67d8ab4f4c10bf2.
2025-05-06 16:04:25,627 - DEBUG - Cache is full, but no eviction candidate found for 1_1_89_2a38a4a9316c49e5.
2025-05-06 16:04:25,627 - DEBUG - Cache is full, but no eviction candidate found for 1_1_90_7647966b7343c290.
2025-05-06 16:04:25,627 - INFO - Job SHUFFLENETV2 processing batch 1_1_91_8613985ec49eb8f7 at time 15.53s. Cache hit: False
2025-05-06 16:04:25,627 - INFO - Job RESNET18 processing batch 1_1_92_54229abfcfa5649e at time 15.64s. Cache hit: False
2025-05-06 16:04:25,627 - INFO - Job RESNET50 processing batch 1_1_41_d645920e395fedad at time 15.73s. Cache hit: True
2025-05-06 16:04:25,627 - DEBUG - Cache is full, but no eviction candidate found for 1_1_91_8613985ec49eb8f7.
2025-05-06 16:04:25,627 - INFO - Job SHUFFLENETV2 processing batch 1_1_93_92cc227532d17e56 at time 15.80s. Cache hit: False
2025-05-06 16:04:25,627 - INFO - Job VGG16 processing batch 1_1_30_6ea9ab1baa0efb9e at time 15.82s. Cache hit: True
2025-05-06 16:04:25,627 - DEBUG - Cache is full, but no eviction candidate found for 1_1_92_54229abfcfa5649e.
2025-05-06 16:04:25,627 - INFO - Job RESNET18 processing batch 1_1_94_98dce83da57b0395 at time 15.95s. Cache hit: False
2025-05-06 16:04:25,627 - DEBUG - Cache is full, but no eviction candidate found for 1_1_93_92cc227532d17e56.
2025-05-06 16:04:25,627 - INFO - Job SHUFFLENETV2 processing batch 1_1_95_f4b9ec30ad9f68f8 at time 16.08s. Cache hit: False
2025-05-06 16:04:25,627 - INFO - Job RESNET50 processing batch 1_1_42_3416a75f4cea9109 at time 16.08s. Cache hit: True
2025-05-06 16:04:25,627 - DEBUG - Cache is full, but no eviction candidate found for 1_1_94_98dce83da57b0395.
2025-05-06 16:04:25,629 - INFO - Job RESNET18 processing batch 1_1_96_812b4ba287f5ee0b at time 16.27s. Cache hit: False
2025-05-06 16:04:25,629 - DEBUG - Cache is full, but no eviction candidate found for 1_1_95_f4b9ec30ad9f68f8.
2025-05-06 16:04:25,629 - INFO - Job SHUFFLENETV2 processing batch 1_1_97_26657d5ff9020d2a at time 16.35s. Cache hit: False
2025-05-06 16:04:25,629 - INFO - Job VGG16 processing batch 1_1_31_34173cb38f07f89d at time 16.35s. Cache hit: True
2025-05-06 16:04:25,629 - INFO - Job RESNET50 processing batch 1_1_98_e2ef524fbf3d9fe6 at time 16.43s. Cache hit: False
2025-05-06 16:04:25,629 - DEBUG - Cache is full, but no eviction candidate found for 1_1_96_812b4ba287f5ee0b.
2025-05-06 16:04:25,629 - DEBUG - Cache is full, but no eviction candidate found for 1_1_97_26657d5ff9020d2a.
2025-05-06 16:04:25,629 - INFO - Job RESNET18 processing batch 1_1_99_ed3d2c21991e3bef at time 16.58s. Cache hit: False
2025-05-06 16:04:25,629 - INFO - Job SHUFFLENETV2 processing batch 1_1_100_ac627ab1ccbdb62e at time 16.62s. Cache hit: False
2025-05-06 16:04:25,629 - DEBUG - Cache is full, but no eviction candidate found for 1_1_98_e2ef524fbf3d9fe6.
2025-05-06 16:04:25,629 - DEBUG - Cache is full, but no eviction candidate found for 1_1_99_ed3d2c21991e3bef.
2025-05-06 16:04:25,629 - DEBUG - Cache is full, but no eviction candidate found for 1_1_100_ac627ab1ccbdb62e.
2025-05-06 16:04:25,630 - INFO - Job VGG16 processing batch 1_1_32_c16a5320fa475530 at time 16.87s. Cache hit: False
2025-05-06 16:04:25,630 - INFO - Job SHUFFLENETV2 processing batch 1_1_44_17e62166fc8586df at time 16.89s. Cache hit: False
2025-05-06 16:04:25,630 - INFO - Job RESNET18 processing batch 1_1_45_f7177163c833dff4 at time 16.89s. Cache hit: False
2025-05-06 16:04:25,630 - INFO - Job RESNET50 processing batch 1_1_44_17e62166fc8586df at time 16.98s. Cache hit: False
2025-05-06 16:04:25,630 - DEBUG - Cache is full, but no eviction candidate found for 1_1_32_c16a5320fa475530.
2025-05-06 16:04:25,630 - DEBUG - Cache is full, but no eviction candidate found for 1_1_44_17e62166fc8586df.
2025-05-06 16:04:25,630 - DEBUG - Cache is full, but no eviction candidate found for 1_1_45_f7177163c833dff4.
2025-05-06 16:04:25,630 - INFO - Job SHUFFLENETV2 processing batch 1_1_47_d9d4f495e875a2e0 at time 17.17s. Cache hit: False
2025-05-06 16:04:25,630 - DEBUG - Cache is full, but no eviction candidate found for 1_1_44_17e62166fc8586df.
2025-05-06 16:04:25,630 - INFO - Job RESNET18 processing batch 1_1_46_6c8349cc7260ae62 at time 17.21s. Cache hit: False
2025-05-06 16:04:25,630 - DEBUG - Cache is full, but no eviction candidate found for 1_1_47_d9d4f495e875a2e0.
2025-05-06 16:04:25,630 - DEBUG - Cache is full, but no eviction candidate found for 1_1_46_6c8349cc7260ae62.
2025-05-06 16:04:25,630 - INFO - Job SHUFFLENETV2 processing batch 1_1_49_642e92efb7942173 at time 17.44s. Cache hit: False
2025-05-06 16:04:25,630 - INFO - Job RESNET18 processing batch 1_1_48_67c6a1e7ce56d3d6 at time 17.52s. Cache hit: False
2025-05-06 16:04:25,631 - INFO - Job RESNET50 processing batch 1_1_45_f7177163c833dff4 at time 17.53s. Cache hit: False
2025-05-06 16:04:25,631 - INFO - Job VGG16 processing batch 1_1_33_6364d3f0f495b6ab at time 17.60s. Cache hit: True
2025-05-06 16:04:25,631 - DEBUG - Cache is full, but no eviction candidate found for 1_1_49_642e92efb7942173.
2025-05-06 16:04:25,631 - INFO - Job SHUFFLENETV2 processing batch 1_1_51_c0c7c76d30bd3dca at time 17.71s. Cache hit: False
2025-05-06 16:04:25,631 - DEBUG - Cache is full, but no eviction candidate found for 1_1_48_67c6a1e7ce56d3d6.
2025-05-06 16:04:25,631 - DEBUG - Cache is full, but no eviction candidate found for 1_1_45_f7177163c833dff4.
2025-05-06 16:04:25,631 - INFO - Job RESNET18 processing batch 1_1_50_f457c545a9ded88f at time 17.84s. Cache hit: False
2025-05-06 16:04:25,631 - DEBUG - Cache is full, but no eviction candidate found for 1_1_51_c0c7c76d30bd3dca.
2025-05-06 16:04:25,631 - INFO - Job SHUFFLENETV2 processing batch 1_1_53_9a1158154dfa42ca at time 17.98s. Cache hit: False
2025-05-06 16:04:25,631 - DEBUG - Cache is full, but no eviction candidate found for 1_1_50_f457c545a9ded88f.
2025-05-06 16:04:25,631 - INFO - Job RESNET50 processing batch 1_1_46_6c8349cc7260ae62 at time 18.08s. Cache hit: False
2025-05-06 16:04:25,631 - INFO - Job VGG16 processing batch 1_1_34_182be0c5cdcd5072 at time 18.12s. Cache hit: False
2025-05-06 16:04:25,631 - INFO - Job RESNET18 processing batch 1_1_52_2838023a778dfaec at time 18.15s. Cache hit: False
2025-05-06 16:04:25,631 - DEBUG - Cache is full, but no eviction candidate found for 1_1_53_9a1158154dfa42ca.
2025-05-06 16:04:25,631 - INFO - Job SHUFFLENETV2 processing batch 1_1_55_a684eceee76fc522 at time 18.26s. Cache hit: False
2025-05-06 16:04:25,632 - DEBUG - Cache is full, but no eviction candidate found for 1_1_46_6c8349cc7260ae62.
2025-05-06 16:04:25,632 - DEBUG - Cache is full, but no eviction candidate found for 1_1_34_182be0c5cdcd5072.
2025-05-06 16:04:25,632 - DEBUG - Cache is full, but no eviction candidate found for 1_1_52_2838023a778dfaec.
2025-05-06 16:04:25,632 - DEBUG - Cache is full, but no eviction candidate found for 1_1_55_a684eceee76fc522.
2025-05-06 16:04:25,632 - INFO - Job RESNET18 processing batch 1_1_54_d82c8d1619ad8176 at time 18.47s. Cache hit: False
2025-05-06 16:04:25,632 - INFO - Job SHUFFLENETV2 processing batch 1_1_57_9f61408e3afb633e at time 18.53s. Cache hit: False
2025-05-06 16:04:25,632 - INFO - Job RESNET50 processing batch 1_1_47_d9d4f495e875a2e0 at time 18.63s. Cache hit: False
2025-05-06 16:04:25,632 - DEBUG - Cache is full, but no eviction candidate found for 1_1_54_d82c8d1619ad8176.
2025-05-06 16:04:25,632 - DEBUG - Cache is full, but no eviction candidate found for 1_1_57_9f61408e3afb633e.
2025-05-06 16:04:25,632 - INFO - Job RESNET18 processing batch 1_1_56_b53b3a3d6ab90ce0 at time 18.78s. Cache hit: False
2025-05-06 16:04:25,632 - INFO - Job SHUFFLENETV2 processing batch 1_1_60_093f65e080a295f8 at time 18.80s. Cache hit: False
2025-05-06 16:04:25,632 - DEBUG - Cache is full, but no eviction candidate found for 1_1_47_d9d4f495e875a2e0.
2025-05-06 16:04:25,632 - INFO - Job VGG16 processing batch 1_1_35_e369853df766fa44 at time 18.85s. Cache hit: True
2025-05-06 16:04:25,632 - DEBUG - Cache is full, but no eviction candidate found for 1_1_56_b53b3a3d6ab90ce0.
2025-05-06 16:04:25,633 - DEBUG - Cache is full, but no eviction candidate found for 1_1_60_093f65e080a295f8.
2025-05-06 16:04:25,633 - INFO - Job SHUFFLENETV2 processing batch 1_1_62_7f39f8317fbdb198 at time 19.07s. Cache hit: False
2025-05-06 16:04:25,633 - INFO - Job RESNET18 processing batch 1_1_58_72b32a1f754ba1c0 at time 19.10s. Cache hit: False
2025-05-06 16:04:25,633 - INFO - Job RESNET50 processing batch 1_1_48_67c6a1e7ce56d3d6 at time 19.17s. Cache hit: False
2025-05-06 16:04:25,633 - DEBUG - Cache is full, but no eviction candidate found for 1_1_62_7f39f8317fbdb198.
2025-05-06 16:04:25,633 - DEBUG - Cache is full, but no eviction candidate found for 1_1_58_72b32a1f754ba1c0.
2025-05-06 16:04:25,633 - INFO - Job SHUFFLENETV2 processing batch 1_1_64_03afdbd66e7929b1 at time 19.35s. Cache hit: False
2025-05-06 16:04:25,633 - INFO - Job VGG16 processing batch 1_1_36_1c383cd30b7c298a at time 19.37s. Cache hit: True
2025-05-06 16:04:25,633 - DEBUG - Cache is full, but no eviction candidate found for 1_1_48_67c6a1e7ce56d3d6.
2025-05-06 16:04:25,633 - INFO - Job RESNET18 processing batch 1_1_59_66f041e16a60928b at time 19.41s. Cache hit: False
2025-05-06 16:04:25,633 - DEBUG - Cache is full, but no eviction candidate found for 1_1_64_03afdbd66e7929b1.
2025-05-06 16:04:25,633 - DEBUG - Cache is full, but no eviction candidate found for 1_1_59_66f041e16a60928b.
2025-05-06 16:04:25,633 - INFO - Job SHUFFLENETV2 processing batch 1_1_66_fc490ca45c00b124 at time 19.62s. Cache hit: False
2025-05-06 16:04:25,633 - INFO - Job RESNET50 processing batch 1_1_49_642e92efb7942173 at time 19.72s. Cache hit: False
2025-05-06 16:04:25,633 - INFO - Job RESNET18 processing batch 1_1_61_072b030ba126b2f4 at time 19.72s. Cache hit: False
2025-05-06 16:04:25,634 - DEBUG - Cache is full, but no eviction candidate found for 1_1_66_fc490ca45c00b124.
2025-05-06 16:04:25,634 - INFO - Job SHUFFLENETV2 processing batch 1_1_68_735b90b4568125ed at time 19.89s. Cache hit: False
2025-05-06 16:04:25,634 - INFO - Job VGG16 processing batch 1_1_37_19ca14e7ea6328a4 at time 19.90s. Cache hit: False
2025-05-06 16:04:25,634 - DEBUG - Cache is full, but no eviction candidate found for 1_1_49_642e92efb7942173.
2025-05-06 16:04:25,634 - DEBUG - Cache is full, but no eviction candidate found for 1_1_61_072b030ba126b2f4.
2025-05-06 16:04:25,634 - INFO - Job RESNET18 processing batch 1_1_63_44f683a84163b352 at time 20.04s. Cache hit: False
2025-05-06 16:04:25,634 - DEBUG - Cache is full, but no eviction candidate found for 1_1_68_735b90b4568125ed.
2025-05-06 16:04:25,634 - DEBUG - Cache is full, but no eviction candidate found for 1_1_37_19ca14e7ea6328a4.
2025-05-06 16:04:25,634 - INFO - Job SHUFFLENETV2 processing batch 1_1_70_14bfa6bb14875e45 at time 20.16s. Cache hit: False
2025-05-06 16:04:25,634 - DEBUG - Cache is full, but no eviction candidate found for 1_1_63_44f683a84163b352.
2025-05-06 16:04:25,634 - INFO - Job RESNET50 processing batch 1_1_50_f457c545a9ded88f at time 20.27s. Cache hit: False
2025-05-06 16:04:25,634 - INFO - Job RESNET18 processing batch 1_1_65_ea5d2f1c4608232e at time 20.35s. Cache hit: False
2025-05-06 16:04:25,634 - DEBUG - Cache is full, but no eviction candidate found for 1_1_70_14bfa6bb14875e45.
2025-05-06 16:04:25,634 - INFO - Job SHUFFLENETV2 processing batch 1_1_73_32bb90e8976aab52 at time 20.44s. Cache hit: False
2025-05-06 16:04:25,634 - DEBUG - Cache is full, but no eviction candidate found for 1_1_50_f457c545a9ded88f.
2025-05-06 16:04:25,635 - DEBUG - Cache is full, but no eviction candidate found for 1_1_65_ea5d2f1c4608232e.
2025-05-06 16:04:25,635 - INFO - Job VGG16 processing batch 1_1_38_a5bfc9e07964f8dd at time 20.62s. Cache hit: True
2025-05-06 16:04:25,635 - DEBUG - Cache is full, but no eviction candidate found for 1_1_73_32bb90e8976aab52.
2025-05-06 16:04:25,635 - INFO - Job RESNET18 processing batch 1_1_67_3295c76acbf4caae at time 20.67s. Cache hit: False
2025-05-06 16:04:25,635 - INFO - Job SHUFFLENETV2 processing batch 1_1_75_ad61ab143223efbc at time 20.71s. Cache hit: False
2025-05-06 16:04:25,635 - INFO - Job RESNET50 processing batch 1_1_51_c0c7c76d30bd3dca at time 20.82s. Cache hit: False
2025-05-06 16:04:25,635 - DEBUG - Cache is full, but no eviction candidate found for 1_1_67_3295c76acbf4caae.
2025-05-06 16:04:25,635 - DEBUG - Cache is full, but no eviction candidate found for 1_1_75_ad61ab143223efbc.
2025-05-06 16:04:25,635 - INFO - Job SHUFFLENETV2 processing batch 1_1_77_fbd7939d674997cd at time 20.98s. Cache hit: False
2025-05-06 16:04:25,635 - INFO - Job RESNET18 processing batch 1_1_69_a3f390d88e4c41f2 at time 20.98s. Cache hit: False
2025-05-06 16:04:25,635 - DEBUG - Cache is full, but no eviction candidate found for 1_1_51_c0c7c76d30bd3dca.
2025-05-06 16:04:25,635 - INFO - Job VGG16 processing batch 1_1_39_a5771bce93e200c3 at time 21.15s. Cache hit: True
2025-05-06 16:04:25,635 - DEBUG - Cache is full, but no eviction candidate found for 1_1_77_fbd7939d674997cd.
2025-05-06 16:04:25,635 - DEBUG - Cache is full, but no eviction candidate found for 1_1_69_a3f390d88e4c41f2.
2025-05-06 16:04:25,636 - INFO - Job SHUFFLENETV2 processing batch 1_1_79_35f4a8d465e6e1ed at time 21.25s. Cache hit: False
2025-05-06 16:04:25,636 - INFO - Job RESNET18 processing batch 1_1_71_7cbbc409ec990f19 at time 21.30s. Cache hit: False
2025-05-06 16:04:25,636 - INFO - Job RESNET50 processing batch 1_1_52_2838023a778dfaec at time 21.37s. Cache hit: False
2025-05-06 16:04:25,636 - DEBUG - Cache is full, but no eviction candidate found for 1_1_79_35f4a8d465e6e1ed.
2025-05-06 16:04:25,636 - DEBUG - Cache is full, but no eviction candidate found for 1_1_71_7cbbc409ec990f19.
2025-05-06 16:04:25,636 - INFO - Job SHUFFLENETV2 processing batch 1_1_81_f033ab37c30201f7 at time 21.53s. Cache hit: False
2025-05-06 16:04:25,636 - DEBUG - Cache is full, but no eviction candidate found for 1_1_52_2838023a778dfaec.
2025-05-06 16:04:25,636 - INFO - Job RESNET18 processing batch 1_1_72_e2c420d928d4bf8c at time 21.61s. Cache hit: False
2025-05-06 16:04:25,636 - INFO - Job VGG16 processing batch 1_1_40_d67d8ab4f4c10bf2 at time 21.67s. Cache hit: False
2025-05-06 16:04:25,636 - DEBUG - Cache is full, but no eviction candidate found for 1_1_81_f033ab37c30201f7.
2025-05-06 16:04:25,636 - INFO - Job SHUFFLENETV2 processing batch 1_1_83_9778d5d219c5080b at time 21.80s. Cache hit: False
2025-05-06 16:04:25,636 - DEBUG - Cache is full, but no eviction candidate found for 1_1_72_e2c420d928d4bf8c.
2025-05-06 16:04:25,636 - DEBUG - Cache is full, but no eviction candidate found for 1_1_40_d67d8ab4f4c10bf2.
2025-05-06 16:04:25,636 - INFO - Job RESNET50 processing batch 1_1_53_9a1158154dfa42ca at time 21.92s. Cache hit: False
2025-05-06 16:04:25,637 - INFO - Job RESNET18 processing batch 1_1_74_d2ddea18f00665ce at time 21.93s. Cache hit: False
2025-05-06 16:04:25,637 - DEBUG - Cache is full, but no eviction candidate found for 1_1_83_9778d5d219c5080b.
2025-05-06 16:04:25,637 - INFO - Job SHUFFLENETV2 processing batch 1_1_85_68d30a9594728bc3 at time 22.07s. Cache hit: False
2025-05-06 16:04:25,637 - DEBUG - Cache is full, but no eviction candidate found for 1_1_53_9a1158154dfa42ca.
2025-05-06 16:04:25,637 - DEBUG - Cache is full, but no eviction candidate found for 1_1_74_d2ddea18f00665ce.
2025-05-06 16:04:25,637 - INFO - Job RESNET18 processing batch 1_1_76_d09bf41544a3365a at time 22.24s. Cache hit: False
2025-05-06 16:04:25,637 - DEBUG - Cache is full, but no eviction candidate found for 1_1_85_68d30a9594728bc3.
2025-05-06 16:04:25,637 - INFO - Job SHUFFLENETV2 processing batch 1_1_88_c7e1249ffc03eb9d at time 22.34s. Cache hit: False
2025-05-06 16:04:25,637 - INFO - Job VGG16 processing batch 1_1_41_d645920e395fedad at time 22.40s. Cache hit: True
2025-05-06 16:04:25,637 - DEBUG - Cache is full, but no eviction candidate found for 1_1_76_d09bf41544a3365a.
2025-05-06 16:04:25,637 - INFO - Job RESNET50 processing batch 1_1_54_d82c8d1619ad8176 at time 22.47s. Cache hit: False
2025-05-06 16:04:25,637 - DEBUG - Cache is full, but no eviction candidate found for 1_1_88_c7e1249ffc03eb9d.
2025-05-06 16:04:25,637 - INFO - Job RESNET18 processing batch 1_1_78_28dd2c7955ce9264 at time 22.55s. Cache hit: False
2025-05-06 16:04:25,637 - INFO - Job SHUFFLENETV2 processing batch 1_1_90_7647966b7343c290 at time 22.62s. Cache hit: False
2025-05-06 16:04:25,637 - DEBUG - Cache is full, but no eviction candidate found for 1_1_54_d82c8d1619ad8176.
2025-05-06 16:04:25,638 - DEBUG - Cache is full, but no eviction candidate found for 1_1_78_28dd2c7955ce9264.
2025-05-06 16:04:25,638 - DEBUG - Cache is full, but no eviction candidate found for 1_1_90_7647966b7343c290.
2025-05-06 16:04:25,638 - INFO - Job RESNET18 processing batch 1_1_80_d1fe173d08e95939 at time 22.87s. Cache hit: False
2025-05-06 16:04:25,638 - INFO - Job SHUFFLENETV2 processing batch 1_1_92_54229abfcfa5649e at time 22.89s. Cache hit: False
2025-05-06 16:04:25,638 - INFO - Job VGG16 processing batch 1_1_42_3416a75f4cea9109 at time 22.92s. Cache hit: True
2025-05-06 16:04:25,638 - INFO - Job RESNET50 processing batch 1_1_55_a684eceee76fc522 at time 23.02s. Cache hit: False
2025-05-06 16:04:25,638 - DEBUG - Cache is full, but no eviction candidate found for 1_1_80_d1fe173d08e95939.
2025-05-06 16:04:25,638 - DEBUG - Cache is full, but no eviction candidate found for 1_1_92_54229abfcfa5649e.
2025-05-06 16:04:25,638 - INFO - Job SHUFFLENETV2 processing batch 1_1_94_98dce83da57b0395 at time 23.16s. Cache hit: False
2025-05-06 16:04:25,638 - INFO - Job RESNET18 processing batch 1_1_82_43ec517d68b6edd3 at time 23.18s. Cache hit: False
2025-05-06 16:04:25,638 - DEBUG - Cache is full, but no eviction candidate found for 1_1_55_a684eceee76fc522.
2025-05-06 16:04:25,638 - DEBUG - Cache is full, but no eviction candidate found for 1_1_94_98dce83da57b0395.
2025-05-06 16:04:25,638 - DEBUG - Cache is full, but no eviction candidate found for 1_1_82_43ec517d68b6edd3.
2025-05-06 16:04:25,638 - INFO - Job SHUFFLENETV2 processing batch 1_1_96_812b4ba287f5ee0b at time 23.43s. Cache hit: False
2025-05-06 16:04:25,638 - INFO - Job VGG16 processing batch 1_1_43_a1d0c6e83f027327 at time 23.45s. Cache hit: True
2025-05-06 16:04:25,639 - INFO - Job RESNET18 processing batch 1_1_84_fe9fc289c3ff0af1 at time 23.50s. Cache hit: False
2025-05-06 16:04:25,639 - INFO - Job RESNET50 processing batch 1_1_56_b53b3a3d6ab90ce0 at time 23.57s. Cache hit: False
2025-05-06 16:04:25,639 - DEBUG - Cache is full, but no eviction candidate found for 1_1_96_812b4ba287f5ee0b.
2025-05-06 16:04:25,639 - DEBUG - Cache is full, but no eviction candidate found for 1_1_84_fe9fc289c3ff0af1.
2025-05-06 16:04:25,639 - INFO - Job SHUFFLENETV2 processing batch 1_1_98_e2ef524fbf3d9fe6 at time 23.71s. Cache hit: False
2025-05-06 16:04:25,639 - DEBUG - Cache is full, but no eviction candidate found for 1_1_56_b53b3a3d6ab90ce0.
2025-05-06 16:04:25,639 - INFO - Job RESNET18 processing batch 1_1_86_3ef815416f775098 at time 23.81s. Cache hit: False
2025-05-06 16:04:25,639 - DEBUG - Cache is full, but no eviction candidate found for 1_1_98_e2ef524fbf3d9fe6.
2025-05-06 16:04:25,639 - INFO - Job VGG16 processing batch 1_1_44_17e62166fc8586df at time 23.97s. Cache hit: False
2025-05-06 16:04:25,639 - INFO - Job SHUFFLENETV2 processing batch 1_1_99_ed3d2c21991e3bef at time 23.98s. Cache hit: False
2025-05-06 16:04:25,639 - DEBUG - Cache is full, but no eviction candidate found for 1_1_86_3ef815416f775098.
2025-05-06 16:04:25,639 - INFO - Job RESNET50 processing batch 1_1_57_9f61408e3afb633e at time 24.12s. Cache hit: False
2025-05-06 16:04:25,639 - INFO - Job RESNET18 processing batch 1_1_87_93db85ed909c1383 at time 24.13s. Cache hit: False
2025-05-06 16:04:25,639 - DEBUG - Cache is full, but no eviction candidate found for 1_1_44_17e62166fc8586df.
2025-05-06 16:04:25,639 - DEBUG - Cache is full, but no eviction candidate found for 1_1_99_ed3d2c21991e3bef.
2025-05-06 16:04:25,640 - DEBUG - Cache is full, but no eviction candidate found for 1_1_57_9f61408e3afb633e.
2025-05-06 16:04:25,640 - DEBUG - Cache is full, but no eviction candidate found for 1_1_87_93db85ed909c1383.
2025-05-06 16:04:25,640 - INFO - Job RESNET18 processing batch 1_1_89_2a38a4a9316c49e5 at time 24.44s. Cache hit: False
2025-05-06 16:04:25,640 - DEBUG - Cache is full, but no eviction candidate found for 1_1_89_2a38a4a9316c49e5.
2025-05-06 16:04:25,640 - INFO - Job RESNET50 processing batch 1_1_58_72b32a1f754ba1c0 at time 24.67s. Cache hit: False
2025-05-06 16:04:25,640 - INFO - Job VGG16 processing batch 1_1_45_f7177163c833dff4 at time 24.70s. Cache hit: False
2025-05-06 16:04:25,640 - INFO - Job RESNET18 processing batch 1_1_91_8613985ec49eb8f7 at time 24.76s. Cache hit: False
2025-05-06 16:04:25,641 - DEBUG - Cache is full, but no eviction candidate found for 1_1_58_72b32a1f754ba1c0.
2025-05-06 16:04:25,641 - DEBUG - Cache is full, but no eviction candidate found for 1_1_45_f7177163c833dff4.
2025-05-06 16:04:25,641 - DEBUG - Cache is full, but no eviction candidate found for 1_1_91_8613985ec49eb8f7.
2025-05-06 16:04:25,641 - INFO - Job RESNET18 processing batch 1_1_93_92cc227532d17e56 at time 25.07s. Cache hit: False
2025-05-06 16:04:25,641 - INFO - Job RESNET50 processing batch 1_1_59_66f041e16a60928b at time 25.22s. Cache hit: False
2025-05-06 16:04:25,641 - DEBUG - Cache is full, but no eviction candidate found for 1_1_93_92cc227532d17e56.
2025-05-06 16:04:25,641 - INFO - Job RESNET18 processing batch 1_1_95_f4b9ec30ad9f68f8 at time 25.38s. Cache hit: False
2025-05-06 16:04:25,641 - DEBUG - Cache is full, but no eviction candidate found for 1_1_59_66f041e16a60928b.
2025-05-06 16:04:25,641 - INFO - Job VGG16 processing batch 1_1_46_6c8349cc7260ae62 at time 25.42s. Cache hit: False
2025-05-06 16:04:25,641 - DEBUG - Cache is full, but no eviction candidate found for 1_1_95_f4b9ec30ad9f68f8.
2025-05-06 16:04:25,641 - DEBUG - Cache is full, but no eviction candidate found for 1_1_46_6c8349cc7260ae62.
2025-05-06 16:04:25,642 - INFO - Job RESNET18 processing batch 1_1_97_26657d5ff9020d2a at time 25.70s. Cache hit: False
2025-05-06 16:04:25,642 - INFO - Job RESNET50 processing batch 1_1_60_093f65e080a295f8 at time 25.77s. Cache hit: False
2025-05-06 16:04:25,642 - DEBUG - Cache is full, but no eviction candidate found for 1_1_97_26657d5ff9020d2a.
2025-05-06 16:04:25,642 - DEBUG - Cache is full, but no eviction candidate found for 1_1_60_093f65e080a295f8.
2025-05-06 16:04:25,642 - INFO - Job RESNET18 processing batch 1_1_98_e2ef524fbf3d9fe6 at time 26.01s. Cache hit: False
2025-05-06 16:04:25,642 - INFO - Job VGG16 processing batch 1_1_47_d9d4f495e875a2e0 at time 26.15s. Cache hit: False
2025-05-06 16:04:25,642 - DEBUG - Cache is full, but no eviction candidate found for 1_1_98_e2ef524fbf3d9fe6.
2025-05-06 16:04:25,642 - INFO - Job RESNET50 processing batch 1_1_61_072b030ba126b2f4 at time 26.32s. Cache hit: False
2025-05-06 16:04:25,642 - INFO - Job RESNET18 processing batch 1_1_100_ac627ab1ccbdb62e at time 26.33s. Cache hit: False
2025-05-06 16:04:25,643 - DEBUG - Cache is full, but no eviction candidate found for 1_1_47_d9d4f495e875a2e0.
2025-05-06 16:04:25,643 - DEBUG - Cache is full, but no eviction candidate found for 1_1_61_072b030ba126b2f4.
2025-05-06 16:04:25,643 - DEBUG - Cache is full, but no eviction candidate found for 1_1_100_ac627ab1ccbdb62e.
2025-05-06 16:04:25,643 - INFO - Job RESNET50 processing batch 1_1_62_7f39f8317fbdb198 at time 26.87s. Cache hit: False
2025-05-06 16:04:25,643 - INFO - Job VGG16 processing batch 1_1_48_67c6a1e7ce56d3d6 at time 26.87s. Cache hit: False
2025-05-06 16:04:25,643 - DEBUG - Cache is full, but no eviction candidate found for 1_1_62_7f39f8317fbdb198.
2025-05-06 16:04:25,643 - DEBUG - Cache is full, but no eviction candidate found for 1_1_48_67c6a1e7ce56d3d6.
2025-05-06 16:04:25,643 - INFO - Job RESNET50 processing batch 1_1_63_44f683a84163b352 at time 27.42s. Cache hit: False
2025-05-06 16:04:25,643 - INFO - Job VGG16 processing batch 1_1_49_642e92efb7942173 at time 27.60s. Cache hit: False
2025-05-06 16:04:25,643 - DEBUG - Cache is full, but no eviction candidate found for 1_1_63_44f683a84163b352.
2025-05-06 16:04:25,643 - DEBUG - Cache is full, but no eviction candidate found for 1_1_49_642e92efb7942173.
2025-05-06 16:04:25,644 - INFO - Job RESNET50 processing batch 1_1_64_03afdbd66e7929b1 at time 27.97s. Cache hit: False
2025-05-06 16:04:25,644 - DEBUG - Cache is full, but no eviction candidate found for 1_1_64_03afdbd66e7929b1.
2025-05-06 16:04:25,644 - INFO - Job VGG16 processing batch 1_1_50_f457c545a9ded88f at time 28.32s. Cache hit: False
2025-05-06 16:04:25,644 - INFO - Job RESNET50 processing batch 1_1_65_ea5d2f1c4608232e at time 28.52s. Cache hit: False
2025-05-06 16:04:25,644 - DEBUG - Cache is full, but no eviction candidate found for 1_1_50_f457c545a9ded88f.
2025-05-06 16:04:25,644 - DEBUG - Cache is full, but no eviction candidate found for 1_1_65_ea5d2f1c4608232e.
2025-05-06 16:04:25,644 - INFO - Job VGG16 processing batch 1_1_51_c0c7c76d30bd3dca at time 29.05s. Cache hit: False
2025-05-06 16:04:25,644 - INFO - Job RESNET50 processing batch 1_1_66_fc490ca45c00b124 at time 29.07s. Cache hit: False
2025-05-06 16:04:25,644 - DEBUG - Cache is full, but no eviction candidate found for 1_1_51_c0c7c76d30bd3dca.
2025-05-06 16:04:25,644 - DEBUG - Cache is full, but no eviction candidate found for 1_1_66_fc490ca45c00b124.
2025-05-06 16:04:25,644 - INFO - Job RESNET50 processing batch 1_1_67_3295c76acbf4caae at time 29.61s. Cache hit: False
2025-05-06 16:04:25,645 - INFO - Job VGG16 processing batch 1_1_52_2838023a778dfaec at time 29.77s. Cache hit: False
2025-05-06 16:04:25,645 - DEBUG - Cache is full, but no eviction candidate found for 1_1_67_3295c76acbf4caae.
2025-05-06 16:04:25,645 - DEBUG - Cache is full, but no eviction candidate found for 1_1_52_2838023a778dfaec.
2025-05-06 16:04:25,645 - INFO - Job RESNET50 processing batch 1_1_68_735b90b4568125ed at time 30.16s. Cache hit: False
2025-05-06 16:04:25,645 - DEBUG - Cache is full, but no eviction candidate found for 1_1_68_735b90b4568125ed.
2025-05-06 16:04:25,645 - INFO - Job VGG16 processing batch 1_1_53_9a1158154dfa42ca at time 30.50s. Cache hit: False
2025-05-06 16:04:25,645 - DEBUG - Cache is full, but no eviction candidate found for 1_1_53_9a1158154dfa42ca.
2025-05-06 16:04:25,645 - INFO - Job RESNET50 processing batch 1_1_69_a3f390d88e4c41f2 at time 30.71s. Cache hit: False
2025-05-06 16:04:25,645 - DEBUG - Cache is full, but no eviction candidate found for 1_1_69_a3f390d88e4c41f2.
2025-05-06 16:04:25,645 - INFO - Job VGG16 processing batch 1_1_54_d82c8d1619ad8176 at time 31.22s. Cache hit: False
2025-05-06 16:04:25,645 - INFO - Job RESNET50 processing batch 1_1_70_14bfa6bb14875e45 at time 31.26s. Cache hit: False
2025-05-06 16:04:25,645 - DEBUG - Cache is full, but no eviction candidate found for 1_1_54_d82c8d1619ad8176.
2025-05-06 16:04:25,645 - DEBUG - Cache is full, but no eviction candidate found for 1_1_70_14bfa6bb14875e45.
2025-05-06 16:04:25,646 - INFO - Job RESNET50 processing batch 1_1_71_7cbbc409ec990f19 at time 31.81s. Cache hit: False
2025-05-06 16:04:25,646 - INFO - Job VGG16 processing batch 1_1_55_a684eceee76fc522 at time 31.95s. Cache hit: False
2025-05-06 16:04:25,646 - DEBUG - Cache is full, but no eviction candidate found for 1_1_71_7cbbc409ec990f19.
2025-05-06 16:04:25,646 - DEBUG - Cache is full, but no eviction candidate found for 1_1_55_a684eceee76fc522.
2025-05-06 16:04:25,646 - INFO - Job RESNET50 processing batch 1_1_72_e2c420d928d4bf8c at time 32.36s. Cache hit: False
2025-05-06 16:04:25,646 - DEBUG - Cache is full, but no eviction candidate found for 1_1_72_e2c420d928d4bf8c.
2025-05-06 16:04:25,646 - INFO - Job VGG16 processing batch 1_1_56_b53b3a3d6ab90ce0 at time 32.67s. Cache hit: False
2025-05-06 16:04:25,646 - DEBUG - Cache is full, but no eviction candidate found for 1_1_56_b53b3a3d6ab90ce0.
2025-05-06 16:04:25,646 - INFO - Job RESNET50 processing batch 1_1_73_32bb90e8976aab52 at time 32.91s. Cache hit: False
2025-05-06 16:04:25,646 - DEBUG - Cache is full, but no eviction candidate found for 1_1_73_32bb90e8976aab52.
2025-05-06 16:04:25,646 - INFO - Job VGG16 processing batch 1_1_57_9f61408e3afb633e at time 33.40s. Cache hit: False
2025-05-06 16:04:25,646 - INFO - Job RESNET50 processing batch 1_1_74_d2ddea18f00665ce at time 33.46s. Cache hit: False
2025-05-06 16:04:25,647 - DEBUG - Cache is full, but no eviction candidate found for 1_1_57_9f61408e3afb633e.
2025-05-06 16:04:25,647 - DEBUG - Cache is full, but no eviction candidate found for 1_1_74_d2ddea18f00665ce.
2025-05-06 16:04:25,647 - INFO - Job RESNET50 processing batch 1_1_75_ad61ab143223efbc at time 34.01s. Cache hit: False
2025-05-06 16:04:25,647 - INFO - Job VGG16 processing batch 1_1_58_72b32a1f754ba1c0 at time 34.12s. Cache hit: False
2025-05-06 16:04:25,647 - DEBUG - Cache is full, but no eviction candidate found for 1_1_75_ad61ab143223efbc.
2025-05-06 16:04:25,647 - DEBUG - Cache is full, but no eviction candidate found for 1_1_58_72b32a1f754ba1c0.
2025-05-06 16:04:25,647 - INFO - Job RESNET50 processing batch 1_1_76_d09bf41544a3365a at time 34.56s. Cache hit: False
2025-05-06 16:04:25,647 - DEBUG - Cache is full, but no eviction candidate found for 1_1_76_d09bf41544a3365a.
2025-05-06 16:04:25,647 - INFO - Job VGG16 processing batch 1_1_59_66f041e16a60928b at time 34.85s. Cache hit: False
2025-05-06 16:04:25,647 - DEBUG - Cache is full, but no eviction candidate found for 1_1_59_66f041e16a60928b.
2025-05-06 16:04:25,647 - INFO - Job RESNET50 processing batch 1_1_77_fbd7939d674997cd at time 35.11s. Cache hit: False
2025-05-06 16:04:25,647 - DEBUG - Cache is full, but no eviction candidate found for 1_1_77_fbd7939d674997cd.
2025-05-06 16:04:25,647 - INFO - Job VGG16 processing batch 1_1_60_093f65e080a295f8 at time 35.57s. Cache hit: False
2025-05-06 16:04:25,647 - INFO - Job RESNET50 processing batch 1_1_78_28dd2c7955ce9264 at time 35.66s. Cache hit: False
2025-05-06 16:04:25,647 - DEBUG - Cache is full, but no eviction candidate found for 1_1_60_093f65e080a295f8.
2025-05-06 16:04:25,647 - DEBUG - Cache is full, but no eviction candidate found for 1_1_78_28dd2c7955ce9264.
2025-05-06 16:04:25,647 - INFO - Job RESNET50 processing batch 1_1_79_35f4a8d465e6e1ed at time 36.21s. Cache hit: False
2025-05-06 16:04:25,647 - INFO - Job VGG16 processing batch 1_1_61_072b030ba126b2f4 at time 36.30s. Cache hit: False
2025-05-06 16:04:25,647 - DEBUG - Cache is full, but no eviction candidate found for 1_1_79_35f4a8d465e6e1ed.
2025-05-06 16:04:25,648 - DEBUG - Cache is full, but no eviction candidate found for 1_1_61_072b030ba126b2f4.
2025-05-06 16:04:25,648 - INFO - Job RESNET50 processing batch 1_1_80_d1fe173d08e95939 at time 36.76s. Cache hit: False
2025-05-06 16:04:25,648 - DEBUG - Cache is full, but no eviction candidate found for 1_1_80_d1fe173d08e95939.
2025-05-06 16:04:25,648 - INFO - Job VGG16 processing batch 1_1_62_7f39f8317fbdb198 at time 37.02s. Cache hit: False
2025-05-06 16:04:25,648 - DEBUG - Cache is full, but no eviction candidate found for 1_1_62_7f39f8317fbdb198.
2025-05-06 16:04:25,648 - INFO - Job RESNET50 processing batch 1_1_81_f033ab37c30201f7 at time 37.31s. Cache hit: False
2025-05-06 16:04:25,648 - DEBUG - Cache is full, but no eviction candidate found for 1_1_81_f033ab37c30201f7.
2025-05-06 16:04:25,648 - INFO - Job VGG16 processing batch 1_1_63_44f683a84163b352 at time 37.75s. Cache hit: False
2025-05-06 16:04:25,648 - INFO - Job RESNET50 processing batch 1_1_82_43ec517d68b6edd3 at time 37.86s. Cache hit: False
2025-05-06 16:04:25,648 - DEBUG - Cache is full, but no eviction candidate found for 1_1_63_44f683a84163b352.
2025-05-06 16:04:25,648 - DEBUG - Cache is full, but no eviction candidate found for 1_1_82_43ec517d68b6edd3.
2025-05-06 16:04:25,648 - INFO - Job RESNET50 processing batch 1_1_83_9778d5d219c5080b at time 38.41s. Cache hit: False
2025-05-06 16:04:25,649 - INFO - Job VGG16 processing batch 1_1_64_03afdbd66e7929b1 at time 38.47s. Cache hit: False
2025-05-06 16:04:25,649 - DEBUG - Cache is full, but no eviction candidate found for 1_1_83_9778d5d219c5080b.
2025-05-06 16:04:25,649 - DEBUG - Cache is full, but no eviction candidate found for 1_1_64_03afdbd66e7929b1.
2025-05-06 16:04:25,649 - INFO - Job RESNET50 processing batch 1_1_84_fe9fc289c3ff0af1 at time 38.96s. Cache hit: False
2025-05-06 16:04:25,649 - DEBUG - Cache is full, but no eviction candidate found for 1_1_84_fe9fc289c3ff0af1.
2025-05-06 16:04:25,649 - INFO - Job VGG16 processing batch 1_1_65_ea5d2f1c4608232e at time 39.20s. Cache hit: False
2025-05-06 16:04:25,649 - DEBUG - Cache is full, but no eviction candidate found for 1_1_65_ea5d2f1c4608232e.
2025-05-06 16:04:25,649 - INFO - Job RESNET50 processing batch 1_1_85_68d30a9594728bc3 at time 39.51s. Cache hit: False
2025-05-06 16:04:25,649 - DEBUG - Cache is full, but no eviction candidate found for 1_1_85_68d30a9594728bc3.
2025-05-06 16:04:25,649 - INFO - Job VGG16 processing batch 1_1_66_fc490ca45c00b124 at time 39.92s. Cache hit: False
2025-05-06 16:04:25,649 - INFO - Job RESNET50 processing batch 1_1_86_3ef815416f775098 at time 40.05s. Cache hit: False
2025-05-06 16:04:25,649 - DEBUG - Cache is full, but no eviction candidate found for 1_1_66_fc490ca45c00b124.
2025-05-06 16:04:25,649 - DEBUG - Cache is full, but no eviction candidate found for 1_1_86_3ef815416f775098.
2025-05-06 16:04:25,650 - INFO - Job RESNET50 processing batch 1_1_87_93db85ed909c1383 at time 40.60s. Cache hit: False
2025-05-06 16:04:25,650 - INFO - Job VGG16 processing batch 1_1_67_3295c76acbf4caae at time 40.65s. Cache hit: False
2025-05-06 16:04:25,650 - DEBUG - Cache is full, but no eviction candidate found for 1_1_87_93db85ed909c1383.
2025-05-06 16:04:25,650 - DEBUG - Cache is full, but no eviction candidate found for 1_1_67_3295c76acbf4caae.
2025-05-06 16:04:25,650 - INFO - Job RESNET50 processing batch 1_1_88_c7e1249ffc03eb9d at time 41.15s. Cache hit: False
2025-05-06 16:04:25,650 - DEBUG - Cache is full, but no eviction candidate found for 1_1_88_c7e1249ffc03eb9d.
2025-05-06 16:04:25,650 - INFO - Job VGG16 processing batch 1_1_68_735b90b4568125ed at time 41.37s. Cache hit: False
2025-05-06 16:04:25,650 - DEBUG - Cache is full, but no eviction candidate found for 1_1_68_735b90b4568125ed.
2025-05-06 16:04:25,650 - INFO - Job RESNET50 processing batch 1_1_89_2a38a4a9316c49e5 at time 41.70s. Cache hit: False
2025-05-06 16:04:25,650 - DEBUG - Cache is full, but no eviction candidate found for 1_1_89_2a38a4a9316c49e5.
2025-05-06 16:04:25,650 - INFO - Job VGG16 processing batch 1_1_69_a3f390d88e4c41f2 at time 42.10s. Cache hit: False
2025-05-06 16:04:25,650 - INFO - Job RESNET50 processing batch 1_1_90_7647966b7343c290 at time 42.25s. Cache hit: False
2025-05-06 16:04:25,651 - DEBUG - Cache is full, but no eviction candidate found for 1_1_69_a3f390d88e4c41f2.
2025-05-06 16:04:25,651 - DEBUG - Cache is full, but no eviction candidate found for 1_1_90_7647966b7343c290.
2025-05-06 16:04:25,651 - INFO - Job RESNET50 processing batch 1_1_91_8613985ec49eb8f7 at time 42.80s. Cache hit: False
2025-05-06 16:04:25,651 - INFO - Job VGG16 processing batch 1_1_70_14bfa6bb14875e45 at time 42.82s. Cache hit: False
2025-05-06 16:04:25,651 - DEBUG - Cache is full, but no eviction candidate found for 1_1_91_8613985ec49eb8f7.
2025-05-06 16:04:25,651 - DEBUG - Cache is full, but no eviction candidate found for 1_1_70_14bfa6bb14875e45.
2025-05-06 16:04:25,651 - INFO - Job RESNET50 processing batch 1_1_92_54229abfcfa5649e at time 43.35s. Cache hit: False
2025-05-06 16:04:25,651 - INFO - Job VGG16 processing batch 1_1_71_7cbbc409ec990f19 at time 43.55s. Cache hit: False
2025-05-06 16:04:25,651 - DEBUG - Cache is full, but no eviction candidate found for 1_1_92_54229abfcfa5649e.
2025-05-06 16:04:25,651 - DEBUG - Cache is full, but no eviction candidate found for 1_1_71_7cbbc409ec990f19.
2025-05-06 16:04:25,651 - INFO - Job RESNET50 processing batch 1_1_93_92cc227532d17e56 at time 43.90s. Cache hit: False
2025-05-06 16:04:25,651 - DEBUG - Cache is full, but no eviction candidate found for 1_1_93_92cc227532d17e56.
2025-05-06 16:04:25,651 - INFO - Job VGG16 processing batch 1_1_72_e2c420d928d4bf8c at time 44.27s. Cache hit: False
2025-05-06 16:04:25,651 - INFO - Job RESNET50 processing batch 1_1_94_98dce83da57b0395 at time 44.45s. Cache hit: False
2025-05-06 16:04:25,651 - DEBUG - Cache is full, but no eviction candidate found for 1_1_72_e2c420d928d4bf8c.
2025-05-06 16:04:25,652 - DEBUG - Cache is full, but no eviction candidate found for 1_1_94_98dce83da57b0395.
2025-05-06 16:04:25,652 - INFO - Job VGG16 processing batch 1_1_73_32bb90e8976aab52 at time 45.00s. Cache hit: False
2025-05-06 16:04:25,652 - INFO - Job RESNET50 processing batch 1_1_95_f4b9ec30ad9f68f8 at time 45.00s. Cache hit: False
2025-05-06 16:04:25,652 - DEBUG - Cache is full, but no eviction candidate found for 1_1_73_32bb90e8976aab52.
2025-05-06 16:04:25,652 - DEBUG - Cache is full, but no eviction candidate found for 1_1_95_f4b9ec30ad9f68f8.
2025-05-06 16:04:25,652 - INFO - Job RESNET50 processing batch 1_1_96_812b4ba287f5ee0b at time 45.55s. Cache hit: False
2025-05-06 16:04:25,652 - INFO - Job VGG16 processing batch 1_1_74_d2ddea18f00665ce at time 45.72s. Cache hit: False
2025-05-06 16:04:25,652 - DEBUG - Cache is full, but no eviction candidate found for 1_1_96_812b4ba287f5ee0b.
2025-05-06 16:04:25,652 - DEBUG - Cache is full, but no eviction candidate found for 1_1_74_d2ddea18f00665ce.
2025-05-06 16:04:25,652 - INFO - Job RESNET50 processing batch 1_1_97_26657d5ff9020d2a at time 46.10s. Cache hit: False
2025-05-06 16:04:25,652 - DEBUG - Cache is full, but no eviction candidate found for 1_1_97_26657d5ff9020d2a.
2025-05-06 16:04:25,652 - INFO - Job VGG16 processing batch 1_1_75_ad61ab143223efbc at time 46.45s. Cache hit: False
2025-05-06 16:04:25,652 - INFO - Job RESNET50 processing batch 1_1_99_ed3d2c21991e3bef at time 46.65s. Cache hit: False
2025-05-06 16:04:25,652 - DEBUG - Cache is full, but no eviction candidate found for 1_1_75_ad61ab143223efbc.
2025-05-06 16:04:25,653 - DEBUG - Cache is full, but no eviction candidate found for 1_1_99_ed3d2c21991e3bef.
2025-05-06 16:04:25,653 - INFO - Job VGG16 processing batch 1_1_76_d09bf41544a3365a at time 47.17s. Cache hit: False
2025-05-06 16:04:25,653 - INFO - Job RESNET50 processing batch 1_1_100_ac627ab1ccbdb62e at time 47.20s. Cache hit: False
2025-05-06 16:04:25,654 - DEBUG - Cache is full, but no eviction candidate found for 1_1_76_d09bf41544a3365a.
2025-05-06 16:04:25,654 - DEBUG - Cache is full, but no eviction candidate found for 1_1_100_ac627ab1ccbdb62e.
2025-05-06 16:04:25,654 - INFO - Job VGG16 processing batch 1_1_77_fbd7939d674997cd at time 47.90s. Cache hit: False
2025-05-06 16:04:25,654 - DEBUG - Cache is full, but no eviction candidate found for 1_1_77_fbd7939d674997cd.
2025-05-06 16:04:25,654 - INFO - Job VGG16 processing batch 1_1_78_28dd2c7955ce9264 at time 48.62s. Cache hit: False
2025-05-06 16:04:25,654 - DEBUG - Cache is full, but no eviction candidate found for 1_1_78_28dd2c7955ce9264.
2025-05-06 16:04:25,654 - INFO - Job VGG16 processing batch 1_1_79_35f4a8d465e6e1ed at time 49.35s. Cache hit: False
2025-05-06 16:04:25,654 - DEBUG - Cache is full, but no eviction candidate found for 1_1_79_35f4a8d465e6e1ed.
2025-05-06 16:04:25,654 - INFO - Job VGG16 processing batch 1_1_80_d1fe173d08e95939 at time 50.07s. Cache hit: False
2025-05-06 16:04:25,654 - DEBUG - Cache is full, but no eviction candidate found for 1_1_80_d1fe173d08e95939.
2025-05-06 16:04:25,654 - INFO - Job VGG16 processing batch 1_1_81_f033ab37c30201f7 at time 50.80s. Cache hit: False
2025-05-06 16:04:25,654 - DEBUG - Cache is full, but no eviction candidate found for 1_1_81_f033ab37c30201f7.
2025-05-06 16:04:25,654 - INFO - Job VGG16 processing batch 1_1_82_43ec517d68b6edd3 at time 51.52s. Cache hit: False
2025-05-06 16:04:25,655 - DEBUG - Cache is full, but no eviction candidate found for 1_1_82_43ec517d68b6edd3.
2025-05-06 16:04:25,655 - INFO - Job VGG16 processing batch 1_1_83_9778d5d219c5080b at time 52.25s. Cache hit: False
2025-05-06 16:04:25,655 - DEBUG - Cache is full, but no eviction candidate found for 1_1_83_9778d5d219c5080b.
2025-05-06 16:04:25,655 - INFO - Job VGG16 processing batch 1_1_84_fe9fc289c3ff0af1 at time 52.97s. Cache hit: False
2025-05-06 16:04:25,655 - DEBUG - Cache is full, but no eviction candidate found for 1_1_84_fe9fc289c3ff0af1.
2025-05-06 16:04:25,655 - INFO - Job VGG16 processing batch 1_1_85_68d30a9594728bc3 at time 53.70s. Cache hit: False
2025-05-06 16:04:25,655 - DEBUG - Cache is full, but no eviction candidate found for 1_1_85_68d30a9594728bc3.
2025-05-06 16:04:25,655 - INFO - Job VGG16 processing batch 1_1_86_3ef815416f775098 at time 54.42s. Cache hit: False
2025-05-06 16:04:25,655 - DEBUG - Cache is full, but no eviction candidate found for 1_1_86_3ef815416f775098.
2025-05-06 16:04:25,655 - INFO - Job VGG16 processing batch 1_1_87_93db85ed909c1383 at time 55.15s. Cache hit: False
2025-05-06 16:04:25,655 - DEBUG - Cache is full, but no eviction candidate found for 1_1_87_93db85ed909c1383.
2025-05-06 16:04:25,655 - INFO - Job VGG16 processing batch 1_1_88_c7e1249ffc03eb9d at time 55.87s. Cache hit: False
2025-05-06 16:04:25,655 - DEBUG - Cache is full, but no eviction candidate found for 1_1_88_c7e1249ffc03eb9d.
2025-05-06 16:04:25,655 - INFO - Job VGG16 processing batch 1_1_89_2a38a4a9316c49e5 at time 56.60s. Cache hit: False
2025-05-06 16:04:25,656 - DEBUG - Cache is full, but no eviction candidate found for 1_1_89_2a38a4a9316c49e5.
2025-05-06 16:04:25,656 - INFO - Job VGG16 processing batch 1_1_90_7647966b7343c290 at time 57.32s. Cache hit: False
2025-05-06 16:04:25,657 - DEBUG - Cache is full, but no eviction candidate found for 1_1_90_7647966b7343c290.
2025-05-06 16:04:25,657 - INFO - Job VGG16 processing batch 1_1_91_8613985ec49eb8f7 at time 58.05s. Cache hit: False
2025-05-06 16:04:25,659 - DEBUG - Cache is full, but no eviction candidate found for 1_1_91_8613985ec49eb8f7.
2025-05-06 16:04:25,659 - INFO - Job VGG16 processing batch 1_1_92_54229abfcfa5649e at time 58.77s. Cache hit: False
2025-05-06 16:04:25,659 - DEBUG - Cache is full, but no eviction candidate found for 1_1_92_54229abfcfa5649e.
2025-05-06 16:04:25,659 - INFO - Job VGG16 processing batch 1_1_93_92cc227532d17e56 at time 59.50s. Cache hit: False
2025-05-06 16:04:25,659 - DEBUG - Cache is full, but no eviction candidate found for 1_1_93_92cc227532d17e56.
2025-05-06 16:04:25,659 - INFO - Job VGG16 processing batch 1_1_94_98dce83da57b0395 at time 60.22s. Cache hit: False
2025-05-06 16:04:25,659 - DEBUG - Cache is full, but no eviction candidate found for 1_1_94_98dce83da57b0395.
2025-05-06 16:04:25,659 - INFO - Job VGG16 processing batch 1_1_95_f4b9ec30ad9f68f8 at time 60.95s. Cache hit: False
2025-05-06 16:04:25,659 - DEBUG - Cache is full, but no eviction candidate found for 1_1_95_f4b9ec30ad9f68f8.
2025-05-06 16:04:25,659 - INFO - Job VGG16 processing batch 1_1_96_812b4ba287f5ee0b at time 61.67s. Cache hit: False
2025-05-06 16:04:25,659 - DEBUG - Cache is full, but no eviction candidate found for 1_1_96_812b4ba287f5ee0b.
2025-05-06 16:04:25,660 - INFO - Job VGG16 processing batch 1_1_97_26657d5ff9020d2a at time 62.40s. Cache hit: False
2025-05-06 16:04:25,660 - DEBUG - Cache is full, but no eviction candidate found for 1_1_97_26657d5ff9020d2a.
2025-05-06 16:04:25,660 - INFO - Job VGG16 processing batch 1_1_98_e2ef524fbf3d9fe6 at time 63.12s. Cache hit: False
2025-05-06 16:04:25,660 - DEBUG - Cache is full, but no eviction candidate found for 1_1_98_e2ef524fbf3d9fe6.
2025-05-06 16:04:25,660 - INFO - Job VGG16 processing batch 1_1_99_ed3d2c21991e3bef at time 63.85s. Cache hit: False
2025-05-06 16:04:25,660 - DEBUG - Cache is full, but no eviction candidate found for 1_1_99_ed3d2c21991e3bef.
2025-05-06 16:04:25,660 - INFO - Job VGG16 processing batch 1_1_100_ac627ab1ccbdb62e at time 64.57s. Cache hit: False
