2025-05-07 22:02:24,121 - INFO - Job SHUFFLENETV2 processing batch 1_1_1_cfcd208495d565ef at time 0.30s. Cache hit: False.
2025-05-07 22:02:24,121 - INFO - Job SHUFFLENETV2 processing batch 1_1_2_c4ca4238a0b92382 at time 0.56s. Cache hit: False.
2025-05-07 22:02:24,121 - INFO - Job SHUFFLENETV2 processing batch 1_1_3_c81e728d9d4c2f63 at time 0.83s. Cache hit: False.
2025-05-07 22:02:24,121 - INFO - Job SHUFFLENETV2 processing batch 1_1_4_eccbc87e4b5ce2fe at time 1.09s. Cache hit: False.
2025-05-07 22:02:24,121 - INFO - Job SHUFFLENETV2 processing batch 1_1_5_a87ff679a2f3e71d at time 1.36s. Cache hit: False.
2025-05-07 22:02:24,121 - INFO - Job SHUFFLENETV2 processing batch 1_1_6_e4da3b7fbbce2345 at time 1.62s. Cache hit: False.
2025-05-07 22:02:24,121 - INFO - Job SHUFFLENETV2 processing batch 1_1_7_1679091c5a880faf at time 1.88s. Cache hit: False.
2025-05-07 22:02:24,121 - INFO - Job SHUFFLENETV2 processing batch 1_1_8_8f14e45fceea167a at time 2.15s. Cache hit: False.
2025-05-07 22:02:24,121 - INFO - Job SHUFFLENETV2 processing batch 1_1_9_c9f0f895fb98ab91 at time 2.41s. Cache hit: False.
2025-05-07 22:02:24,121 - INFO - Job SHUFFLENETV2 processing batch 1_1_10_45c48cce2e2d7fbd at time 2.67s. Cache hit: False.
2025-05-07 22:02:24,121 - INFO - Job SHUFFLENETV2 processing batch 1_1_11_d3d9446802a44259 at time 2.94s. Cache hit: False.
2025-05-07 22:02:24,131 - INFO - Job SHUFFLENETV2 processing batch 1_1_12_6512bd43d9caa6e0 at time 3.20s. Cache hit: False.
2025-05-07 22:02:24,131 - INFO - Job SHUFFLENETV2 processing batch 1_1_13_c20ad4d76fe97759 at time 3.46s. Cache hit: False.
2025-05-07 22:02:24,131 - INFO - Job SHUFFLENETV2 processing batch 1_1_14_c51ce410c124a10e at time 3.73s. Cache hit: False.
2025-05-07 22:02:24,131 - INFO - Job SHUFFLENETV2 processing batch 1_1_15_aab3238922bcc25a at time 3.99s. Cache hit: False.
2025-05-07 22:02:24,131 - INFO - Job SHUFFLENETV2 processing batch 1_1_16_9bf31c7ff062936a at time 4.25s. Cache hit: False.
2025-05-07 22:02:24,131 - INFO - Job SHUFFLENETV2 processing batch 1_1_17_c74d97b01eae257e at time 4.52s. Cache hit: False.
2025-05-07 22:02:24,131 - INFO - Job SHUFFLENETV2 processing batch 1_1_18_70efdf2ec9b08607 at time 4.78s. Cache hit: False.
2025-05-07 22:02:24,132 - INFO - Job SHUFFLENETV2 processing batch 1_1_19_6f4922f45568161a at time 5.04s. Cache hit: False.
2025-05-07 22:02:24,132 - INFO - Job SHUFFLENETV2 processing batch 1_1_20_1f0e3dad99908345 at time 5.31s. Cache hit: False.
2025-05-07 22:02:24,132 - INFO - Job SHUFFLENETV2 processing batch 1_1_21_98f13708210194c4 at time 5.57s. Cache hit: False.
2025-05-07 22:02:24,132 - INFO - Job SHUFFLENETV2 processing batch 1_1_22_3c59dc048e885024 at time 5.83s. Cache hit: False.
2025-05-07 22:02:24,132 - INFO - Job SHUFFLENETV2 processing batch 1_1_23_b6d767d2f8ed5d21 at time 6.10s. Cache hit: False.
2025-05-07 22:02:24,132 - INFO - Job SHUFFLENETV2 processing batch 1_1_24_37693cfc748049e4 at time 6.36s. Cache hit: False.
2025-05-07 22:02:24,132 - INFO - Job SHUFFLENETV2 processing batch 1_1_25_1ff1de774005f8da at time 6.63s. Cache hit: False.
2025-05-07 22:02:24,133 - INFO - Job SHUFFLENETV2 processing batch 1_1_26_8e296a067a375633 at time 6.89s. Cache hit: False.
2025-05-07 22:02:24,133 - INFO - Job SHUFFLENETV2 processing batch 1_1_27_4e732ced3463d06d at time 7.15s. Cache hit: False.
2025-05-07 22:02:24,133 - INFO - Job SHUFFLENETV2 processing batch 1_1_28_02e74f10e0327ad8 at time 7.42s. Cache hit: False.
2025-05-07 22:02:24,133 - INFO - Job SHUFFLENETV2 processing batch 1_1_29_33e75ff09dd601bb at time 7.68s. Cache hit: False.
2025-05-07 22:02:24,134 - INFO - Job SHUFFLENETV2 processing batch 1_1_30_6ea9ab1baa0efb9e at time 7.94s. Cache hit: False.
2025-05-07 22:02:24,134 - INFO - Job SHUFFLENETV2 processing batch 1_1_31_34173cb38f07f89d at time 8.21s. Cache hit: False.
2025-05-07 22:02:24,134 - INFO - Job SHUFFLENETV2 processing batch 1_1_32_c16a5320fa475530 at time 8.47s. Cache hit: False.
2025-05-07 22:02:24,134 - INFO - Job SHUFFLENETV2 processing batch 1_1_33_6364d3f0f495b6ab at time 8.73s. Cache hit: False.
2025-05-07 22:02:24,134 - INFO - Job SHUFFLENETV2 processing batch 1_1_34_182be0c5cdcd5072 at time 9.00s. Cache hit: False.
2025-05-07 22:02:24,134 - INFO - Job SHUFFLENETV2 processing batch 1_1_35_e369853df766fa44 at time 9.26s. Cache hit: False.
2025-05-07 22:02:24,134 - INFO - Job SHUFFLENETV2 processing batch 1_1_36_1c383cd30b7c298a at time 9.52s. Cache hit: False.
2025-05-07 22:02:24,134 - INFO - Job SHUFFLENETV2 processing batch 1_1_37_19ca14e7ea6328a4 at time 9.79s. Cache hit: False.
2025-05-07 22:02:24,135 - INFO - Job SHUFFLENETV2 processing batch 1_1_38_a5bfc9e07964f8dd at time 10.05s. Cache hit: False.
2025-05-07 22:02:24,135 - INFO - Job SHUFFLENETV2 processing batch 1_1_39_a5771bce93e200c3 at time 10.31s. Cache hit: False.
2025-05-07 22:02:24,135 - INFO - Job SHUFFLENETV2 processing batch 1_1_40_d67d8ab4f4c10bf2 at time 10.58s. Cache hit: False.
2025-05-07 22:02:24,135 - INFO - Job SHUFFLENETV2 processing batch 1_1_41_d645920e395fedad at time 10.84s. Cache hit: False.
2025-05-07 22:02:24,135 - INFO - Job SHUFFLENETV2 processing batch 1_1_42_3416a75f4cea9109 at time 11.11s. Cache hit: False.
2025-05-07 22:02:24,135 - INFO - Job SHUFFLENETV2 processing batch 1_1_43_a1d0c6e83f027327 at time 11.37s. Cache hit: False.
2025-05-07 22:02:24,135 - INFO - Job SHUFFLENETV2 processing batch 1_1_44_17e62166fc8586df at time 11.63s. Cache hit: False.
2025-05-07 22:02:24,136 - INFO - Job SHUFFLENETV2 processing batch 1_1_45_f7177163c833dff4 at time 11.90s. Cache hit: False.
2025-05-07 22:02:24,136 - INFO - Job SHUFFLENETV2 processing batch 1_1_46_6c8349cc7260ae62 at time 12.16s. Cache hit: False.
2025-05-07 22:02:24,136 - INFO - Job SHUFFLENETV2 processing batch 1_1_47_d9d4f495e875a2e0 at time 12.42s. Cache hit: False.
2025-05-07 22:02:24,136 - INFO - Job SHUFFLENETV2 processing batch 1_1_48_67c6a1e7ce56d3d6 at time 12.69s. Cache hit: False.
2025-05-07 22:02:24,136 - INFO - Job SHUFFLENETV2 processing batch 1_1_49_642e92efb7942173 at time 12.95s. Cache hit: False.
2025-05-07 22:02:24,136 - INFO - Job SHUFFLENETV2 processing batch 1_1_50_f457c545a9ded88f at time 13.21s. Cache hit: False.
2025-05-07 22:02:24,137 - INFO - Job SHUFFLENETV2 processing batch 1_2_51_c0c7c76d30bd3dca at time 13.48s. Cache hit: False.
2025-05-07 22:02:24,137 - INFO - Job SHUFFLENETV2 processing batch 1_2_52_2838023a778dfaec at time 13.74s. Cache hit: False.
2025-05-07 22:02:24,137 - INFO - Job SHUFFLENETV2 processing batch 1_2_53_9a1158154dfa42ca at time 14.00s. Cache hit: False.
2025-05-07 22:02:24,137 - INFO - Job SHUFFLENETV2 processing batch 1_2_54_d82c8d1619ad8176 at time 14.27s. Cache hit: False.
2025-05-07 22:02:24,138 - INFO - Job SHUFFLENETV2 processing batch 1_2_55_a684eceee76fc522 at time 14.53s. Cache hit: False.
2025-05-07 22:02:24,138 - INFO - Job SHUFFLENETV2 processing batch 1_2_56_b53b3a3d6ab90ce0 at time 14.79s. Cache hit: False.
2025-05-07 22:02:24,138 - INFO - Job SHUFFLENETV2 processing batch 1_2_57_9f61408e3afb633e at time 15.06s. Cache hit: False.
2025-05-07 22:02:24,139 - INFO - Job SHUFFLENETV2 processing batch 1_2_58_72b32a1f754ba1c0 at time 15.32s. Cache hit: False.
2025-05-07 22:02:24,139 - INFO - Job SHUFFLENETV2 processing batch 1_2_59_66f041e16a60928b at time 15.58s. Cache hit: False.
2025-05-07 22:02:24,139 - INFO - Job SHUFFLENETV2 processing batch 1_2_60_093f65e080a295f8 at time 15.85s. Cache hit: False.
2025-05-07 22:02:24,139 - INFO - Job SHUFFLENETV2 processing batch 1_2_61_072b030ba126b2f4 at time 16.11s. Cache hit: False.
2025-05-07 22:02:24,139 - INFO - Job SHUFFLENETV2 processing batch 1_2_62_7f39f8317fbdb198 at time 16.38s. Cache hit: False.
2025-05-07 22:02:24,140 - INFO - Job SHUFFLENETV2 processing batch 1_2_63_44f683a84163b352 at time 16.64s. Cache hit: False.
2025-05-07 22:02:24,140 - INFO - Job SHUFFLENETV2 processing batch 1_2_64_03afdbd66e7929b1 at time 16.90s. Cache hit: False.
2025-05-07 22:02:24,140 - INFO - Job SHUFFLENETV2 processing batch 1_2_65_ea5d2f1c4608232e at time 17.17s. Cache hit: False.
2025-05-07 22:02:24,140 - INFO - Job SHUFFLENETV2 processing batch 1_2_66_fc490ca45c00b124 at time 17.43s. Cache hit: False.
2025-05-07 22:02:24,140 - INFO - Job SHUFFLENETV2 processing batch 1_2_67_3295c76acbf4caae at time 17.69s. Cache hit: False.
2025-05-07 22:02:24,140 - INFO - Job SHUFFLENETV2 processing batch 1_2_68_735b90b4568125ed at time 17.96s. Cache hit: False.
2025-05-07 22:02:24,141 - INFO - Job SHUFFLENETV2 processing batch 1_2_69_a3f390d88e4c41f2 at time 18.22s. Cache hit: False.
2025-05-07 22:02:24,141 - INFO - Job SHUFFLENETV2 processing batch 1_2_70_14bfa6bb14875e45 at time 18.48s. Cache hit: False.
2025-05-07 22:02:24,141 - INFO - Job SHUFFLENETV2 processing batch 1_2_71_7cbbc409ec990f19 at time 18.75s. Cache hit: False.
2025-05-07 22:02:24,141 - INFO - Job SHUFFLENETV2 processing batch 1_2_72_e2c420d928d4bf8c at time 19.01s. Cache hit: False.
2025-05-07 22:02:24,141 - INFO - Job SHUFFLENETV2 processing batch 1_2_73_32bb90e8976aab52 at time 19.27s. Cache hit: False.
2025-05-07 22:02:24,141 - INFO - Job SHUFFLENETV2 processing batch 1_2_74_d2ddea18f00665ce at time 19.54s. Cache hit: False.
2025-05-07 22:02:24,141 - INFO - Job SHUFFLENETV2 processing batch 1_2_75_ad61ab143223efbc at time 19.80s. Cache hit: False.
2025-05-07 22:02:24,142 - INFO - Job SHUFFLENETV2 processing batch 1_2_76_d09bf41544a3365a at time 20.06s. Cache hit: False.
2025-05-07 22:02:24,142 - INFO - Job VGG16 processing batch 1_2_51_c0c7c76d30bd3dca at time 20.10s. Cache hit: True.
2025-05-07 22:02:24,142 - INFO - Job SHUFFLENETV2 processing batch 1_2_77_fbd7939d674997cd at time 20.33s. Cache hit: False.
2025-05-07 22:02:24,142 - INFO - Job SHUFFLENETV2 processing batch 1_2_78_28dd2c7955ce9264 at time 20.59s. Cache hit: False.
2025-05-07 22:02:24,143 - INFO - Job VGG16 processing batch 1_2_52_2838023a778dfaec at time 20.61s. Cache hit: True.
2025-05-07 22:02:24,143 - INFO - Job SHUFFLENETV2 processing batch 1_2_79_35f4a8d465e6e1ed at time 20.86s. Cache hit: False.
2025-05-07 22:02:24,143 - INFO - Job SHUFFLENETV2 processing batch 1_2_80_d1fe173d08e95939 at time 21.12s. Cache hit: False.
2025-05-07 22:02:24,144 - INFO - Job VGG16 processing batch 1_2_53_9a1158154dfa42ca at time 21.13s. Cache hit: True.
2025-05-07 22:02:24,144 - INFO - Job SHUFFLENETV2 processing batch 1_2_81_f033ab37c30201f7 at time 21.38s. Cache hit: False.
2025-05-07 22:02:24,144 - INFO - Job VGG16 processing batch 1_2_54_d82c8d1619ad8176 at time 21.64s. Cache hit: True.
2025-05-07 22:02:24,144 - INFO - Job SHUFFLENETV2 processing batch 1_2_82_43ec517d68b6edd3 at time 21.65s. Cache hit: False.
2025-05-07 22:02:24,144 - INFO - Job SHUFFLENETV2 processing batch 1_2_83_9778d5d219c5080b at time 21.91s. Cache hit: False.
2025-05-07 22:02:24,144 - INFO - Job VGG16 processing batch 1_2_55_a684eceee76fc522 at time 22.16s. Cache hit: True.
2025-05-07 22:02:24,144 - INFO - Job SHUFFLENETV2 processing batch 1_2_84_fe9fc289c3ff0af1 at time 22.17s. Cache hit: False.
2025-05-07 22:02:24,144 - INFO - Job SHUFFLENETV2 processing batch 1_2_85_68d30a9594728bc3 at time 22.44s. Cache hit: False.
2025-05-07 22:02:24,145 - INFO - Job VGG16 processing batch 1_2_56_b53b3a3d6ab90ce0 at time 22.67s. Cache hit: True.
2025-05-07 22:02:24,145 - INFO - Job SHUFFLENETV2 processing batch 1_2_86_3ef815416f775098 at time 22.70s. Cache hit: False.
2025-05-07 22:02:24,145 - INFO - Job SHUFFLENETV2 processing batch 1_2_87_93db85ed909c1383 at time 22.96s. Cache hit: False.
2025-05-07 22:02:24,145 - INFO - Job VGG16 processing batch 1_2_57_9f61408e3afb633e at time 23.19s. Cache hit: True.
2025-05-07 22:02:24,145 - INFO - Job SHUFFLENETV2 processing batch 1_2_88_c7e1249ffc03eb9d at time 23.23s. Cache hit: False.
2025-05-07 22:02:24,145 - INFO - Job SHUFFLENETV2 processing batch 1_2_89_2a38a4a9316c49e5 at time 23.49s. Cache hit: False.
2025-05-07 22:02:24,145 - INFO - Job VGG16 processing batch 1_2_58_72b32a1f754ba1c0 at time 23.70s. Cache hit: True.
2025-05-07 22:02:24,145 - INFO - Job SHUFFLENETV2 processing batch 1_2_90_7647966b7343c290 at time 23.75s. Cache hit: False.
2025-05-07 22:02:24,146 - INFO - Job SHUFFLENETV2 processing batch 1_2_91_8613985ec49eb8f7 at time 24.02s. Cache hit: False.
2025-05-07 22:02:24,146 - INFO - Job VGG16 processing batch 1_2_59_66f041e16a60928b at time 24.22s. Cache hit: True.
2025-05-07 22:02:24,146 - INFO - Job SHUFFLENETV2 processing batch 1_2_92_54229abfcfa5649e at time 24.28s. Cache hit: False.
2025-05-07 22:02:24,146 - INFO - Job SHUFFLENETV2 processing batch 1_2_93_92cc227532d17e56 at time 24.54s. Cache hit: False.
2025-05-07 22:02:24,146 - INFO - Job VGG16 processing batch 1_2_60_093f65e080a295f8 at time 24.73s. Cache hit: True.
2025-05-07 22:02:24,146 - INFO - Job SHUFFLENETV2 processing batch 1_2_94_98dce83da57b0395 at time 24.81s. Cache hit: False.
2025-05-07 22:02:24,146 - INFO - Job SHUFFLENETV2 processing batch 1_2_95_f4b9ec30ad9f68f8 at time 25.07s. Cache hit: False.
2025-05-07 22:02:24,147 - INFO - Job VGG16 processing batch 1_2_61_072b030ba126b2f4 at time 25.25s. Cache hit: True.
2025-05-07 22:02:24,147 - INFO - Job SHUFFLENETV2 processing batch 1_2_96_812b4ba287f5ee0b at time 25.34s. Cache hit: False.
2025-05-07 22:02:24,147 - INFO - Job SHUFFLENETV2 processing batch 1_2_97_26657d5ff9020d2a at time 25.60s. Cache hit: False.
2025-05-07 22:02:24,147 - INFO - Job VGG16 processing batch 1_2_62_7f39f8317fbdb198 at time 25.76s. Cache hit: True.
2025-05-07 22:02:24,147 - INFO - Job SHUFFLENETV2 processing batch 1_2_98_e2ef524fbf3d9fe6 at time 25.86s. Cache hit: False.
2025-05-07 22:02:24,147 - INFO - Job SHUFFLENETV2 processing batch 1_2_99_ed3d2c21991e3bef at time 26.13s. Cache hit: False.
2025-05-07 22:02:24,147 - INFO - Job VGG16 processing batch 1_2_63_44f683a84163b352 at time 26.28s. Cache hit: True.
2025-05-07 22:02:24,147 - INFO - Job SHUFFLENETV2 processing batch 1_2_100_ac627ab1ccbdb62e at time 26.39s. Cache hit: False.
2025-05-07 22:02:24,148 - INFO - Evicting batch set 1_1
2025-05-07 22:02:24,149 - INFO - Job SHUFFLENETV2 processing batch 2_1_1_cfcd208495d565ef at time 26.65s. Cache hit: False.
2025-05-07 22:02:24,149 - INFO - Job SHUFFLENETV2 processing batch 2_1_2_c4ca4238a0b92382 at time 26.92s. Cache hit: False.
2025-05-07 22:02:24,149 - INFO - Job VGG16 processing batch 1_2_64_03afdbd66e7929b1 at time 26.99s. Cache hit: False.
2025-05-07 22:02:24,149 - INFO - Job SHUFFLENETV2 processing batch 2_1_3_c81e728d9d4c2f63 at time 27.18s. Cache hit: False.
2025-05-07 22:02:24,149 - INFO - Job SHUFFLENETV2 processing batch 2_1_4_eccbc87e4b5ce2fe at time 27.44s. Cache hit: False.
2025-05-07 22:02:24,149 - INFO - Job SHUFFLENETV2 processing batch 2_1_5_a87ff679a2f3e71d at time 27.71s. Cache hit: False.
2025-05-07 22:02:24,149 - INFO - Job VGG16 processing batch 1_2_65_ea5d2f1c4608232e at time 27.71s. Cache hit: False.
2025-05-07 22:02:24,150 - INFO - Job SHUFFLENETV2 processing batch 2_1_6_e4da3b7fbbce2345 at time 27.97s. Cache hit: False.
2025-05-07 22:02:24,150 - INFO - Job SHUFFLENETV2 processing batch 2_1_7_1679091c5a880faf at time 28.23s. Cache hit: False.
2025-05-07 22:02:24,150 - INFO - Job VGG16 processing batch 1_2_66_fc490ca45c00b124 at time 28.42s. Cache hit: False.
2025-05-07 22:02:24,150 - INFO - Job SHUFFLENETV2 processing batch 2_1_8_8f14e45fceea167a at time 28.50s. Cache hit: False.
2025-05-07 22:02:24,150 - INFO - Job SHUFFLENETV2 processing batch 2_1_9_c9f0f895fb98ab91 at time 28.76s. Cache hit: False.
2025-05-07 22:02:24,150 - INFO - Job SHUFFLENETV2 processing batch 2_1_10_45c48cce2e2d7fbd at time 29.02s. Cache hit: False.
2025-05-07 22:02:24,150 - INFO - Job VGG16 processing batch 1_2_67_3295c76acbf4caae at time 29.14s. Cache hit: False.
2025-05-07 22:02:24,151 - INFO - Job SHUFFLENETV2 processing batch 2_1_11_d3d9446802a44259 at time 29.29s. Cache hit: False.
2025-05-07 22:02:24,151 - INFO - Job SHUFFLENETV2 processing batch 2_1_12_6512bd43d9caa6e0 at time 29.55s. Cache hit: False.
2025-05-07 22:02:24,151 - INFO - Job SHUFFLENETV2 processing batch 2_1_13_c20ad4d76fe97759 at time 29.81s. Cache hit: False.
2025-05-07 22:02:24,151 - INFO - Job VGG16 processing batch 1_2_68_735b90b4568125ed at time 29.85s. Cache hit: False.
2025-05-07 22:02:24,151 - INFO - Job SHUFFLENETV2 processing batch 2_1_14_c51ce410c124a10e at time 30.08s. Cache hit: False.
2025-05-07 22:02:24,151 - INFO - Job SHUFFLENETV2 processing batch 2_1_15_aab3238922bcc25a at time 30.34s. Cache hit: False.
2025-05-07 22:02:24,151 - INFO - Job VGG16 processing batch 1_2_69_a3f390d88e4c41f2 at time 30.57s. Cache hit: False.
2025-05-07 22:02:24,152 - INFO - Job SHUFFLENETV2 processing batch 2_1_16_9bf31c7ff062936a at time 30.61s. Cache hit: False.
2025-05-07 22:02:24,152 - INFO - Job SHUFFLENETV2 processing batch 2_1_17_c74d97b01eae257e at time 30.87s. Cache hit: False.
2025-05-07 22:02:24,152 - INFO - Job SHUFFLENETV2 processing batch 2_1_18_70efdf2ec9b08607 at time 31.13s. Cache hit: False.
2025-05-07 22:02:24,152 - INFO - Job VGG16 processing batch 1_2_70_14bfa6bb14875e45 at time 31.28s. Cache hit: False.
2025-05-07 22:02:24,152 - INFO - Job SHUFFLENETV2 processing batch 2_1_19_6f4922f45568161a at time 31.40s. Cache hit: False.
2025-05-07 22:02:24,152 - INFO - Job SHUFFLENETV2 processing batch 2_1_20_1f0e3dad99908345 at time 31.66s. Cache hit: False.
2025-05-07 22:02:24,153 - INFO - Job SHUFFLENETV2 processing batch 2_1_21_98f13708210194c4 at time 31.92s. Cache hit: False.
2025-05-07 22:02:24,153 - INFO - Job VGG16 processing batch 1_2_71_7cbbc409ec990f19 at time 32.00s. Cache hit: False.
2025-05-07 22:02:24,153 - INFO - Job SHUFFLENETV2 processing batch 2_1_22_3c59dc048e885024 at time 32.19s. Cache hit: False.
2025-05-07 22:02:24,153 - INFO - Job SHUFFLENETV2 processing batch 2_1_23_b6d767d2f8ed5d21 at time 32.45s. Cache hit: False.
2025-05-07 22:02:24,154 - INFO - Job SHUFFLENETV2 processing batch 2_1_24_37693cfc748049e4 at time 32.71s. Cache hit: False.
2025-05-07 22:02:24,154 - INFO - Job VGG16 processing batch 1_2_72_e2c420d928d4bf8c at time 32.71s. Cache hit: False.
2025-05-07 22:02:24,154 - INFO - Job SHUFFLENETV2 processing batch 2_1_25_1ff1de774005f8da at time 32.98s. Cache hit: False.
2025-05-07 22:02:24,154 - INFO - Job SHUFFLENETV2 processing batch 2_1_26_8e296a067a375633 at time 33.24s. Cache hit: False.
2025-05-07 22:02:24,154 - INFO - Job VGG16 processing batch 1_2_73_32bb90e8976aab52 at time 33.43s. Cache hit: False.
2025-05-07 22:02:24,154 - INFO - Job SHUFFLENETV2 processing batch 2_1_27_4e732ced3463d06d at time 33.50s. Cache hit: False.
2025-05-07 22:02:24,154 - INFO - Job SHUFFLENETV2 processing batch 2_1_28_02e74f10e0327ad8 at time 33.77s. Cache hit: False.
2025-05-07 22:02:24,155 - INFO - Job SHUFFLENETV2 processing batch 2_1_29_33e75ff09dd601bb at time 34.03s. Cache hit: False.
2025-05-07 22:02:24,155 - INFO - Job VGG16 processing batch 1_2_74_d2ddea18f00665ce at time 34.14s. Cache hit: False.
2025-05-07 22:02:24,155 - INFO - Job SHUFFLENETV2 processing batch 2_1_30_6ea9ab1baa0efb9e at time 34.29s. Cache hit: False.
2025-05-07 22:02:24,155 - INFO - Job SHUFFLENETV2 processing batch 2_1_31_34173cb38f07f89d at time 34.56s. Cache hit: False.
2025-05-07 22:02:24,155 - INFO - Job SHUFFLENETV2 processing batch 2_1_32_c16a5320fa475530 at time 34.82s. Cache hit: False.
2025-05-07 22:02:24,155 - INFO - Job VGG16 processing batch 1_2_75_ad61ab143223efbc at time 34.86s. Cache hit: False.
2025-05-07 22:02:24,155 - INFO - Job SHUFFLENETV2 processing batch 2_1_33_6364d3f0f495b6ab at time 35.09s. Cache hit: False.
2025-05-07 22:02:24,155 - INFO - Job SHUFFLENETV2 processing batch 2_1_34_182be0c5cdcd5072 at time 35.35s. Cache hit: False.
2025-05-07 22:02:24,156 - INFO - Job VGG16 processing batch 1_2_76_d09bf41544a3365a at time 35.57s. Cache hit: False.
2025-05-07 22:02:24,156 - INFO - Job SHUFFLENETV2 processing batch 2_1_35_e369853df766fa44 at time 35.61s. Cache hit: False.
2025-05-07 22:02:24,156 - INFO - Job SHUFFLENETV2 processing batch 2_1_36_1c383cd30b7c298a at time 35.88s. Cache hit: False.
2025-05-07 22:02:24,156 - INFO - Job VGG16 processing batch 1_2_77_fbd7939d674997cd at time 36.09s. Cache hit: True.
2025-05-07 22:02:24,156 - INFO - Job SHUFFLENETV2 processing batch 2_1_37_19ca14e7ea6328a4 at time 36.14s. Cache hit: False.
2025-05-07 22:02:24,156 - INFO - Job SHUFFLENETV2 processing batch 2_1_38_a5bfc9e07964f8dd at time 36.40s. Cache hit: False.
2025-05-07 22:02:24,156 - INFO - Job VGG16 processing batch 1_2_78_28dd2c7955ce9264 at time 36.60s. Cache hit: True.
2025-05-07 22:02:24,157 - INFO - Job SHUFFLENETV2 processing batch 2_1_39_a5771bce93e200c3 at time 36.67s. Cache hit: False.
2025-05-07 22:02:24,157 - INFO - Job SHUFFLENETV2 processing batch 2_1_40_d67d8ab4f4c10bf2 at time 36.93s. Cache hit: False.
2025-05-07 22:02:24,157 - INFO - Job VGG16 processing batch 1_2_79_35f4a8d465e6e1ed at time 37.12s. Cache hit: True.
2025-05-07 22:02:24,157 - INFO - Job SHUFFLENETV2 processing batch 2_1_41_d645920e395fedad at time 37.19s. Cache hit: False.
2025-05-07 22:02:24,158 - INFO - Job SHUFFLENETV2 processing batch 2_1_42_3416a75f4cea9109 at time 37.46s. Cache hit: False.
2025-05-07 22:02:24,158 - INFO - Job VGG16 processing batch 1_2_80_d1fe173d08e95939 at time 37.63s. Cache hit: True.
2025-05-07 22:02:24,158 - INFO - Job SHUFFLENETV2 processing batch 2_1_43_a1d0c6e83f027327 at time 37.72s. Cache hit: False.
2025-05-07 22:02:24,158 - INFO - Job SHUFFLENETV2 processing batch 2_1_44_17e62166fc8586df at time 37.98s. Cache hit: False.
2025-05-07 22:02:24,158 - INFO - Job VGG16 processing batch 1_2_81_f033ab37c30201f7 at time 38.15s. Cache hit: True.
2025-05-07 22:02:24,158 - INFO - Job SHUFFLENETV2 processing batch 2_1_45_f7177163c833dff4 at time 38.25s. Cache hit: False.
2025-05-07 22:02:24,158 - INFO - Job SHUFFLENETV2 processing batch 2_1_46_6c8349cc7260ae62 at time 38.51s. Cache hit: False.
2025-05-07 22:02:24,159 - INFO - Job VGG16 processing batch 1_2_82_43ec517d68b6edd3 at time 38.66s. Cache hit: True.
2025-05-07 22:02:24,159 - INFO - Job SHUFFLENETV2 processing batch 2_1_47_d9d4f495e875a2e0 at time 38.77s. Cache hit: False.
2025-05-07 22:02:24,159 - INFO - Job SHUFFLENETV2 processing batch 2_1_48_67c6a1e7ce56d3d6 at time 39.04s. Cache hit: False.
2025-05-07 22:02:24,159 - INFO - Job VGG16 processing batch 1_2_83_9778d5d219c5080b at time 39.18s. Cache hit: True.
2025-05-07 22:02:24,159 - INFO - Job SHUFFLENETV2 processing batch 2_1_49_642e92efb7942173 at time 39.30s. Cache hit: False.
2025-05-07 22:02:24,159 - INFO - Job SHUFFLENETV2 processing batch 2_1_50_f457c545a9ded88f at time 39.57s. Cache hit: False.
2025-05-07 22:02:24,160 - INFO - Job VGG16 processing batch 1_2_84_fe9fc289c3ff0af1 at time 39.69s. Cache hit: True.
2025-05-07 22:02:24,160 - INFO - Job SHUFFLENETV2 processing batch 2_2_51_c0c7c76d30bd3dca at time 39.83s. Cache hit: False.
2025-05-07 22:02:24,160 - INFO - Job SHUFFLENETV2 processing batch 2_2_52_2838023a778dfaec at time 40.09s. Cache hit: False.
2025-05-07 22:02:24,160 - INFO - Job VGG16 processing batch 1_2_85_68d30a9594728bc3 at time 40.21s. Cache hit: True.
2025-05-07 22:02:24,160 - INFO - Job SHUFFLENETV2 processing batch 2_2_53_9a1158154dfa42ca at time 40.36s. Cache hit: False.
2025-05-07 22:02:24,160 - INFO - Job SHUFFLENETV2 processing batch 2_2_54_d82c8d1619ad8176 at time 40.62s. Cache hit: False.
2025-05-07 22:02:24,161 - INFO - Job VGG16 processing batch 1_2_86_3ef815416f775098 at time 40.72s. Cache hit: True.
2025-05-07 22:02:24,161 - INFO - Job SHUFFLENETV2 processing batch 2_2_55_a684eceee76fc522 at time 40.88s. Cache hit: False.
2025-05-07 22:02:24,161 - INFO - Job SHUFFLENETV2 processing batch 2_2_56_b53b3a3d6ab90ce0 at time 41.15s. Cache hit: False.
2025-05-07 22:02:24,161 - INFO - Job VGG16 processing batch 1_2_87_93db85ed909c1383 at time 41.24s. Cache hit: True.
2025-05-07 22:02:24,161 - INFO - Job SHUFFLENETV2 processing batch 2_2_57_9f61408e3afb633e at time 41.41s. Cache hit: False.
2025-05-07 22:02:24,161 - INFO - Job SHUFFLENETV2 processing batch 2_2_58_72b32a1f754ba1c0 at time 41.67s. Cache hit: False.
2025-05-07 22:02:24,161 - INFO - Job VGG16 processing batch 1_2_88_c7e1249ffc03eb9d at time 41.75s. Cache hit: True.
2025-05-07 22:02:24,162 - INFO - Job SHUFFLENETV2 processing batch 2_2_59_66f041e16a60928b at time 41.94s. Cache hit: False.
2025-05-07 22:02:24,162 - INFO - Job SHUFFLENETV2 processing batch 2_2_60_093f65e080a295f8 at time 42.20s. Cache hit: False.
2025-05-07 22:02:24,162 - INFO - Job VGG16 processing batch 1_2_89_2a38a4a9316c49e5 at time 42.27s. Cache hit: True.
2025-05-07 22:02:24,162 - INFO - Job SHUFFLENETV2 processing batch 2_2_61_072b030ba126b2f4 at time 42.46s. Cache hit: False.
2025-05-07 22:02:24,162 - INFO - Job SHUFFLENETV2 processing batch 2_2_62_7f39f8317fbdb198 at time 42.73s. Cache hit: False.
2025-05-07 22:02:24,162 - INFO - Job VGG16 processing batch 1_2_90_7647966b7343c290 at time 42.78s. Cache hit: True.
2025-05-07 22:02:24,162 - INFO - Job SHUFFLENETV2 processing batch 2_2_63_44f683a84163b352 at time 42.99s. Cache hit: False.
2025-05-07 22:02:24,163 - INFO - Job SHUFFLENETV2 processing batch 2_2_64_03afdbd66e7929b1 at time 43.25s. Cache hit: False.
2025-05-07 22:02:24,163 - INFO - Job VGG16 processing batch 1_2_91_8613985ec49eb8f7 at time 43.30s. Cache hit: True.
2025-05-07 22:02:24,163 - INFO - Job SHUFFLENETV2 processing batch 2_2_65_ea5d2f1c4608232e at time 43.52s. Cache hit: False.
2025-05-07 22:02:24,164 - INFO - Job SHUFFLENETV2 processing batch 2_2_66_fc490ca45c00b124 at time 43.78s. Cache hit: False.
2025-05-07 22:02:24,164 - INFO - Job VGG16 processing batch 1_2_92_54229abfcfa5649e at time 43.81s. Cache hit: True.
2025-05-07 22:02:24,164 - INFO - Job SHUFFLENETV2 processing batch 2_2_67_3295c76acbf4caae at time 44.04s. Cache hit: False.
2025-05-07 22:02:24,164 - INFO - Job SHUFFLENETV2 processing batch 2_2_68_735b90b4568125ed at time 44.31s. Cache hit: False.
2025-05-07 22:02:24,164 - INFO - Job VGG16 processing batch 1_2_93_92cc227532d17e56 at time 44.33s. Cache hit: True.
2025-05-07 22:02:24,164 - INFO - Job SHUFFLENETV2 processing batch 2_2_69_a3f390d88e4c41f2 at time 44.57s. Cache hit: False.
2025-05-07 22:02:24,164 - INFO - Job SHUFFLENETV2 processing batch 2_2_70_14bfa6bb14875e45 at time 44.84s. Cache hit: False.
2025-05-07 22:02:24,164 - INFO - Job VGG16 processing batch 1_2_94_98dce83da57b0395 at time 44.84s. Cache hit: True.
2025-05-07 22:02:24,165 - INFO - Job SHUFFLENETV2 processing batch 2_2_71_7cbbc409ec990f19 at time 45.10s. Cache hit: False.
2025-05-07 22:02:24,165 - INFO - Job VGG16 processing batch 1_2_95_f4b9ec30ad9f68f8 at time 45.36s. Cache hit: True.
2025-05-07 22:02:24,165 - INFO - Job SHUFFLENETV2 processing batch 2_2_72_e2c420d928d4bf8c at time 45.36s. Cache hit: False.
2025-05-07 22:02:24,165 - INFO - Job SHUFFLENETV2 processing batch 2_2_73_32bb90e8976aab52 at time 45.63s. Cache hit: False.
2025-05-07 22:02:24,165 - INFO - Job VGG16 processing batch 1_2_96_812b4ba287f5ee0b at time 45.87s. Cache hit: True.
2025-05-07 22:02:24,165 - INFO - Job SHUFFLENETV2 processing batch 2_2_74_d2ddea18f00665ce at time 45.89s. Cache hit: False.
2025-05-07 22:02:24,165 - INFO - Job SHUFFLENETV2 processing batch 2_2_75_ad61ab143223efbc at time 46.15s. Cache hit: False.
2025-05-07 22:02:24,166 - INFO - Job VGG16 processing batch 1_2_97_26657d5ff9020d2a at time 46.39s. Cache hit: True.
2025-05-07 22:02:24,166 - INFO - Job SHUFFLENETV2 processing batch 2_2_76_d09bf41544a3365a at time 46.42s. Cache hit: False.
2025-05-07 22:02:24,166 - INFO - Job SHUFFLENETV2 processing batch 2_2_77_fbd7939d674997cd at time 46.68s. Cache hit: False.
2025-05-07 22:02:24,166 - INFO - Job VGG16 processing batch 1_2_98_e2ef524fbf3d9fe6 at time 46.90s. Cache hit: True.
2025-05-07 22:02:24,166 - INFO - Job SHUFFLENETV2 processing batch 2_2_78_28dd2c7955ce9264 at time 46.94s. Cache hit: False.
2025-05-07 22:02:24,166 - INFO - Job SHUFFLENETV2 processing batch 2_2_79_35f4a8d465e6e1ed at time 47.21s. Cache hit: False.
2025-05-07 22:02:24,166 - INFO - Job VGG16 processing batch 1_2_99_ed3d2c21991e3bef at time 47.42s. Cache hit: True.
2025-05-07 22:02:24,166 - INFO - Job SHUFFLENETV2 processing batch 2_2_80_d1fe173d08e95939 at time 47.47s. Cache hit: False.
2025-05-07 22:02:24,167 - INFO - Job SHUFFLENETV2 processing batch 2_2_81_f033ab37c30201f7 at time 47.73s. Cache hit: False.
2025-05-07 22:02:24,167 - INFO - Job VGG16 processing batch 1_2_100_ac627ab1ccbdb62e at time 47.93s. Cache hit: True.
2025-05-07 22:02:24,167 - INFO - Job SHUFFLENETV2 processing batch 2_2_82_43ec517d68b6edd3 at time 48.00s. Cache hit: False.
2025-05-07 22:02:24,168 - INFO - Job SHUFFLENETV2 processing batch 2_2_83_9778d5d219c5080b at time 48.26s. Cache hit: False.
2025-05-07 22:02:24,168 - INFO - Job SHUFFLENETV2 processing batch 2_2_84_fe9fc289c3ff0af1 at time 48.52s. Cache hit: False.
2025-05-07 22:02:24,169 - INFO - Evicting batch set 1_2
2025-05-07 22:02:24,169 - INFO - Job VGG16 processing batch 2_1_1_cfcd208495d565ef at time 48.65s. Cache hit: False.
2025-05-07 22:02:24,169 - INFO - Job SHUFFLENETV2 processing batch 2_2_85_68d30a9594728bc3 at time 48.79s. Cache hit: False.
2025-05-07 22:02:24,169 - INFO - Job SHUFFLENETV2 processing batch 2_2_86_3ef815416f775098 at time 49.05s. Cache hit: False.
2025-05-07 22:02:24,169 - INFO - Job SHUFFLENETV2 processing batch 2_2_87_93db85ed909c1383 at time 49.32s. Cache hit: False.
2025-05-07 22:02:24,169 - INFO - Job VGG16 processing batch 2_1_2_c4ca4238a0b92382 at time 49.36s. Cache hit: False.
2025-05-07 22:02:24,169 - INFO - Job SHUFFLENETV2 processing batch 2_2_88_c7e1249ffc03eb9d at time 49.58s. Cache hit: False.
2025-05-07 22:02:24,169 - INFO - Job SHUFFLENETV2 processing batch 2_2_89_2a38a4a9316c49e5 at time 49.84s. Cache hit: False.
2025-05-07 22:02:24,170 - INFO - Job VGG16 processing batch 2_1_3_c81e728d9d4c2f63 at time 50.08s. Cache hit: False.
2025-05-07 22:02:24,170 - INFO - Job SHUFFLENETV2 processing batch 2_2_90_7647966b7343c290 at time 50.11s. Cache hit: False.
2025-05-07 22:02:24,170 - INFO - Job SHUFFLENETV2 processing batch 2_2_91_8613985ec49eb8f7 at time 50.37s. Cache hit: False.
2025-05-07 22:02:24,170 - INFO - Job SHUFFLENETV2 processing batch 2_2_92_54229abfcfa5649e at time 50.63s. Cache hit: False.
2025-05-07 22:02:24,170 - INFO - Job VGG16 processing batch 2_1_4_eccbc87e4b5ce2fe at time 50.79s. Cache hit: False.
2025-05-07 22:02:24,170 - INFO - Job SHUFFLENETV2 processing batch 2_2_93_92cc227532d17e56 at time 50.90s. Cache hit: False.
2025-05-07 22:02:24,170 - INFO - Job SHUFFLENETV2 processing batch 2_2_94_98dce83da57b0395 at time 51.16s. Cache hit: False.
2025-05-07 22:02:24,170 - INFO - Job SHUFFLENETV2 processing batch 2_2_95_f4b9ec30ad9f68f8 at time 51.42s. Cache hit: False.
2025-05-07 22:02:24,171 - INFO - Job VGG16 processing batch 2_1_5_a87ff679a2f3e71d at time 51.51s. Cache hit: False.
2025-05-07 22:02:24,171 - INFO - Job SHUFFLENETV2 processing batch 2_2_96_812b4ba287f5ee0b at time 51.69s. Cache hit: False.
2025-05-07 22:02:24,171 - INFO - Job SHUFFLENETV2 processing batch 2_2_97_26657d5ff9020d2a at time 51.95s. Cache hit: False.
2025-05-07 22:02:24,171 - INFO - Job SHUFFLENETV2 processing batch 2_2_98_e2ef524fbf3d9fe6 at time 52.21s. Cache hit: False.
2025-05-07 22:02:24,171 - INFO - Job VGG16 processing batch 2_1_6_e4da3b7fbbce2345 at time 52.22s. Cache hit: False.
2025-05-07 22:02:24,171 - INFO - Job SHUFFLENETV2 processing batch 2_2_99_ed3d2c21991e3bef at time 52.48s. Cache hit: False.
2025-05-07 22:02:24,171 - INFO - Job SHUFFLENETV2 processing batch 2_2_100_ac627ab1ccbdb62e at time 52.74s. Cache hit: False.
2025-05-07 22:02:24,172 - INFO - Job VGG16 processing batch 2_1_7_1679091c5a880faf at time 52.94s. Cache hit: False.
2025-05-07 22:02:24,172 - INFO - Job VGG16 processing batch 2_1_8_8f14e45fceea167a at time 53.65s. Cache hit: False.
2025-05-07 22:02:24,172 - INFO - Job VGG16 processing batch 2_1_9_c9f0f895fb98ab91 at time 54.37s. Cache hit: False.
2025-05-07 22:02:24,172 - INFO - Job VGG16 processing batch 2_1_10_45c48cce2e2d7fbd at time 55.08s. Cache hit: False.
2025-05-07 22:02:24,172 - INFO - Job VGG16 processing batch 2_1_11_d3d9446802a44259 at time 55.80s. Cache hit: False.
2025-05-07 22:02:24,173 - INFO - Job VGG16 processing batch 2_1_12_6512bd43d9caa6e0 at time 56.51s. Cache hit: False.
2025-05-07 22:02:24,173 - INFO - Job VGG16 processing batch 2_1_13_c20ad4d76fe97759 at time 57.23s. Cache hit: False.
2025-05-07 22:02:24,173 - INFO - Job VGG16 processing batch 2_1_14_c51ce410c124a10e at time 57.94s. Cache hit: False.
2025-05-07 22:02:24,173 - INFO - Job VGG16 processing batch 2_1_15_aab3238922bcc25a at time 58.66s. Cache hit: False.
2025-05-07 22:02:24,173 - INFO - Job VGG16 processing batch 2_1_16_9bf31c7ff062936a at time 59.37s. Cache hit: False.
2025-05-07 22:02:24,173 - INFO - Job VGG16 processing batch 2_1_17_c74d97b01eae257e at time 60.09s. Cache hit: False.
2025-05-07 22:02:24,173 - INFO - Job VGG16 processing batch 2_1_18_70efdf2ec9b08607 at time 60.80s. Cache hit: False.
2025-05-07 22:02:24,173 - INFO - Job VGG16 processing batch 2_1_19_6f4922f45568161a at time 61.52s. Cache hit: False.
2025-05-07 22:02:24,173 - INFO - Job VGG16 processing batch 2_1_20_1f0e3dad99908345 at time 62.23s. Cache hit: False.
2025-05-07 22:02:24,174 - INFO - Job VGG16 processing batch 2_1_21_98f13708210194c4 at time 62.95s. Cache hit: False.
2025-05-07 22:02:24,174 - INFO - Job VGG16 processing batch 2_1_22_3c59dc048e885024 at time 63.66s. Cache hit: False.
2025-05-07 22:02:24,174 - INFO - Job VGG16 processing batch 2_1_23_b6d767d2f8ed5d21 at time 64.38s. Cache hit: False.
2025-05-07 22:02:24,174 - INFO - Job VGG16 processing batch 2_1_24_37693cfc748049e4 at time 65.09s. Cache hit: False.
2025-05-07 22:02:24,174 - INFO - Job VGG16 processing batch 2_1_25_1ff1de774005f8da at time 65.81s. Cache hit: False.
2025-05-07 22:02:24,174 - INFO - Job VGG16 processing batch 2_1_26_8e296a067a375633 at time 66.52s. Cache hit: False.
2025-05-07 22:02:24,175 - INFO - Job VGG16 processing batch 2_1_27_4e732ced3463d06d at time 67.24s. Cache hit: False.
2025-05-07 22:02:24,175 - INFO - Job VGG16 processing batch 2_1_28_02e74f10e0327ad8 at time 67.95s. Cache hit: False.
2025-05-07 22:02:24,175 - INFO - Job VGG16 processing batch 2_1_29_33e75ff09dd601bb at time 68.67s. Cache hit: False.
2025-05-07 22:02:24,175 - INFO - Job VGG16 processing batch 2_1_30_6ea9ab1baa0efb9e at time 69.38s. Cache hit: False.
2025-05-07 22:02:24,175 - INFO - Job VGG16 processing batch 2_1_31_34173cb38f07f89d at time 70.10s. Cache hit: False.
2025-05-07 22:02:24,175 - INFO - Job VGG16 processing batch 2_1_32_c16a5320fa475530 at time 70.81s. Cache hit: False.
2025-05-07 22:02:24,175 - INFO - Job VGG16 processing batch 2_1_33_6364d3f0f495b6ab at time 71.53s. Cache hit: False.
2025-05-07 22:02:24,175 - INFO - Job VGG16 processing batch 2_1_34_182be0c5cdcd5072 at time 72.24s. Cache hit: False.
2025-05-07 22:02:24,175 - INFO - Job VGG16 processing batch 2_1_35_e369853df766fa44 at time 72.96s. Cache hit: False.
2025-05-07 22:02:24,175 - INFO - Job VGG16 processing batch 2_1_36_1c383cd30b7c298a at time 73.67s. Cache hit: False.
2025-05-07 22:02:24,175 - INFO - Job VGG16 processing batch 2_1_37_19ca14e7ea6328a4 at time 74.39s. Cache hit: False.
2025-05-07 22:02:24,176 - INFO - Job VGG16 processing batch 2_1_38_a5bfc9e07964f8dd at time 75.10s. Cache hit: False.
2025-05-07 22:02:24,176 - INFO - Job VGG16 processing batch 2_1_39_a5771bce93e200c3 at time 75.82s. Cache hit: False.
2025-05-07 22:02:24,176 - INFO - Job VGG16 processing batch 2_1_40_d67d8ab4f4c10bf2 at time 76.53s. Cache hit: False.
2025-05-07 22:02:24,176 - INFO - Job VGG16 processing batch 2_1_41_d645920e395fedad at time 77.25s. Cache hit: False.
2025-05-07 22:02:24,176 - INFO - Job VGG16 processing batch 2_1_42_3416a75f4cea9109 at time 77.96s. Cache hit: False.
2025-05-07 22:02:24,176 - INFO - Job VGG16 processing batch 2_1_43_a1d0c6e83f027327 at time 78.68s. Cache hit: False.
2025-05-07 22:02:24,176 - INFO - Job VGG16 processing batch 2_1_44_17e62166fc8586df at time 79.39s. Cache hit: False.
2025-05-07 22:02:24,176 - INFO - Job VGG16 processing batch 2_1_45_f7177163c833dff4 at time 80.11s. Cache hit: False.
2025-05-07 22:02:24,176 - INFO - Job VGG16 processing batch 2_1_46_6c8349cc7260ae62 at time 80.82s. Cache hit: False.
2025-05-07 22:02:24,176 - INFO - Job VGG16 processing batch 2_1_47_d9d4f495e875a2e0 at time 81.54s. Cache hit: False.
2025-05-07 22:02:24,176 - INFO - Job VGG16 processing batch 2_1_48_67c6a1e7ce56d3d6 at time 82.25s. Cache hit: False.
2025-05-07 22:02:24,177 - INFO - Job VGG16 processing batch 2_1_49_642e92efb7942173 at time 82.97s. Cache hit: False.
2025-05-07 22:02:24,177 - INFO - Job VGG16 processing batch 2_1_50_f457c545a9ded88f at time 83.68s. Cache hit: False.
2025-05-07 22:02:24,177 - INFO - Job VGG16 processing batch 2_2_51_c0c7c76d30bd3dca at time 84.20s. Cache hit: True.
2025-05-07 22:02:24,177 - INFO - Job VGG16 processing batch 2_2_52_2838023a778dfaec at time 84.71s. Cache hit: True.
2025-05-07 22:02:24,177 - INFO - Job VGG16 processing batch 2_2_53_9a1158154dfa42ca at time 85.23s. Cache hit: True.
2025-05-07 22:02:24,177 - INFO - Job VGG16 processing batch 2_2_54_d82c8d1619ad8176 at time 85.74s. Cache hit: True.
2025-05-07 22:02:24,178 - INFO - Job VGG16 processing batch 2_2_55_a684eceee76fc522 at time 86.26s. Cache hit: True.
2025-05-07 22:02:24,178 - INFO - Job VGG16 processing batch 2_2_56_b53b3a3d6ab90ce0 at time 86.77s. Cache hit: True.
2025-05-07 22:02:24,178 - INFO - Job VGG16 processing batch 2_2_57_9f61408e3afb633e at time 87.29s. Cache hit: True.
2025-05-07 22:02:24,178 - INFO - Job VGG16 processing batch 2_2_58_72b32a1f754ba1c0 at time 87.80s. Cache hit: True.
2025-05-07 22:02:24,178 - INFO - Job VGG16 processing batch 2_2_59_66f041e16a60928b at time 88.32s. Cache hit: True.
2025-05-07 22:02:24,178 - INFO - Job VGG16 processing batch 2_2_60_093f65e080a295f8 at time 88.83s. Cache hit: True.
2025-05-07 22:02:24,178 - INFO - Job VGG16 processing batch 2_2_61_072b030ba126b2f4 at time 89.35s. Cache hit: True.
2025-05-07 22:02:24,178 - INFO - Job VGG16 processing batch 2_2_62_7f39f8317fbdb198 at time 89.86s. Cache hit: True.
2025-05-07 22:02:24,178 - INFO - Job VGG16 processing batch 2_2_63_44f683a84163b352 at time 90.38s. Cache hit: True.
2025-05-07 22:02:24,178 - INFO - Job VGG16 processing batch 2_2_64_03afdbd66e7929b1 at time 90.89s. Cache hit: True.
2025-05-07 22:02:24,178 - INFO - Job VGG16 processing batch 2_2_65_ea5d2f1c4608232e at time 91.41s. Cache hit: True.
2025-05-07 22:02:24,178 - INFO - Job VGG16 processing batch 2_2_66_fc490ca45c00b124 at time 91.92s. Cache hit: True.
2025-05-07 22:02:24,179 - INFO - Job VGG16 processing batch 2_2_67_3295c76acbf4caae at time 92.44s. Cache hit: True.
2025-05-07 22:02:24,179 - INFO - Job VGG16 processing batch 2_2_68_735b90b4568125ed at time 92.95s. Cache hit: True.
2025-05-07 22:02:24,179 - INFO - Job VGG16 processing batch 2_2_69_a3f390d88e4c41f2 at time 93.47s. Cache hit: True.
2025-05-07 22:02:24,179 - INFO - Job VGG16 processing batch 2_2_70_14bfa6bb14875e45 at time 93.98s. Cache hit: True.
2025-05-07 22:02:24,179 - INFO - Job VGG16 processing batch 2_2_71_7cbbc409ec990f19 at time 94.50s. Cache hit: True.
2025-05-07 22:02:24,179 - INFO - Job VGG16 processing batch 2_2_72_e2c420d928d4bf8c at time 95.01s. Cache hit: True.
2025-05-07 22:02:24,179 - INFO - Job VGG16 processing batch 2_2_73_32bb90e8976aab52 at time 95.53s. Cache hit: True.
2025-05-07 22:02:24,179 - INFO - Job VGG16 processing batch 2_2_74_d2ddea18f00665ce at time 96.04s. Cache hit: True.
2025-05-07 22:02:24,179 - INFO - Job VGG16 processing batch 2_2_75_ad61ab143223efbc at time 96.56s. Cache hit: True.
2025-05-07 22:02:24,179 - INFO - Job VGG16 processing batch 2_2_76_d09bf41544a3365a at time 97.07s. Cache hit: True.
2025-05-07 22:02:24,180 - INFO - Job VGG16 processing batch 2_2_77_fbd7939d674997cd at time 97.59s. Cache hit: True.
2025-05-07 22:02:24,180 - INFO - Job VGG16 processing batch 2_2_78_28dd2c7955ce9264 at time 98.10s. Cache hit: True.
2025-05-07 22:02:24,180 - INFO - Job VGG16 processing batch 2_2_79_35f4a8d465e6e1ed at time 98.62s. Cache hit: True.
2025-05-07 22:02:24,180 - INFO - Job VGG16 processing batch 2_2_80_d1fe173d08e95939 at time 99.13s. Cache hit: True.
2025-05-07 22:02:24,180 - INFO - Job VGG16 processing batch 2_2_81_f033ab37c30201f7 at time 99.65s. Cache hit: True.
2025-05-07 22:02:24,180 - INFO - Job VGG16 processing batch 2_2_82_43ec517d68b6edd3 at time 100.16s. Cache hit: True.
2025-05-07 22:02:24,181 - INFO - Job VGG16 processing batch 2_2_83_9778d5d219c5080b at time 100.68s. Cache hit: True.
2025-05-07 22:02:24,181 - INFO - Job VGG16 processing batch 2_2_84_fe9fc289c3ff0af1 at time 101.19s. Cache hit: True.
2025-05-07 22:02:24,181 - INFO - Job VGG16 processing batch 2_2_85_68d30a9594728bc3 at time 101.71s. Cache hit: True.
2025-05-07 22:02:24,181 - INFO - Job VGG16 processing batch 2_2_86_3ef815416f775098 at time 102.22s. Cache hit: True.
2025-05-07 22:02:24,181 - INFO - Job VGG16 processing batch 2_2_87_93db85ed909c1383 at time 102.74s. Cache hit: True.
2025-05-07 22:02:24,181 - INFO - Job VGG16 processing batch 2_2_88_c7e1249ffc03eb9d at time 103.25s. Cache hit: True.
2025-05-07 22:02:24,181 - INFO - Job VGG16 processing batch 2_2_89_2a38a4a9316c49e5 at time 103.77s. Cache hit: True.
2025-05-07 22:02:24,181 - INFO - Job VGG16 processing batch 2_2_90_7647966b7343c290 at time 104.28s. Cache hit: True.
2025-05-07 22:02:24,181 - INFO - Job VGG16 processing batch 2_2_91_8613985ec49eb8f7 at time 104.80s. Cache hit: True.
2025-05-07 22:02:24,181 - INFO - Job VGG16 processing batch 2_2_92_54229abfcfa5649e at time 105.31s. Cache hit: True.
2025-05-07 22:02:24,181 - INFO - Job VGG16 processing batch 2_2_93_92cc227532d17e56 at time 105.83s. Cache hit: True.
2025-05-07 22:02:24,182 - INFO - Job VGG16 processing batch 2_2_94_98dce83da57b0395 at time 106.34s. Cache hit: True.
2025-05-07 22:02:24,182 - INFO - Job VGG16 processing batch 2_2_95_f4b9ec30ad9f68f8 at time 106.86s. Cache hit: True.
2025-05-07 22:02:24,182 - INFO - Job VGG16 processing batch 2_2_96_812b4ba287f5ee0b at time 107.37s. Cache hit: True.
2025-05-07 22:02:24,182 - INFO - Job VGG16 processing batch 2_2_97_26657d5ff9020d2a at time 107.89s. Cache hit: True.
2025-05-07 22:02:24,182 - INFO - Job VGG16 processing batch 2_2_98_e2ef524fbf3d9fe6 at time 108.40s. Cache hit: True.
2025-05-07 22:02:24,182 - INFO - Job VGG16 processing batch 2_2_99_ed3d2c21991e3bef at time 108.92s. Cache hit: True.
2025-05-07 22:02:24,182 - INFO - Job VGG16 processing batch 2_2_100_ac627ab1ccbdb62e at time 109.43s. Cache hit: True.
2025-05-07 22:02:24,183 - INFO - Evicting batch set 2_1
2025-05-07 22:02:24,183 - INFO - Job VGG16 processing batch 3_1_1_cfcd208495d565ef at time 110.15s. Cache hit: False.
2025-05-07 22:02:24,183 - INFO - Job VGG16 processing batch 3_1_2_c4ca4238a0b92382 at time 110.86s. Cache hit: False.
2025-05-07 22:02:24,183 - INFO - Job VGG16 processing batch 3_1_3_c81e728d9d4c2f63 at time 111.58s. Cache hit: False.
2025-05-07 22:02:24,183 - INFO - Job VGG16 processing batch 3_1_4_eccbc87e4b5ce2fe at time 112.30s. Cache hit: False.
2025-05-07 22:02:24,184 - INFO - Job VGG16 processing batch 3_1_5_a87ff679a2f3e71d at time 113.01s. Cache hit: False.
2025-05-07 22:02:24,184 - INFO - Job VGG16 processing batch 3_1_6_e4da3b7fbbce2345 at time 113.73s. Cache hit: False.
2025-05-07 22:02:24,184 - INFO - Job VGG16 processing batch 3_1_7_1679091c5a880faf at time 114.44s. Cache hit: False.
2025-05-07 22:02:24,184 - INFO - Job VGG16 processing batch 3_1_8_8f14e45fceea167a at time 115.16s. Cache hit: False.
2025-05-07 22:02:24,184 - INFO - Job VGG16 processing batch 3_1_9_c9f0f895fb98ab91 at time 115.88s. Cache hit: False.
2025-05-07 22:02:24,185 - INFO - Job VGG16 processing batch 3_1_10_45c48cce2e2d7fbd at time 116.59s. Cache hit: False.
2025-05-07 22:02:24,185 - INFO - Job VGG16 processing batch 3_1_11_d3d9446802a44259 at time 117.31s. Cache hit: False.
2025-05-07 22:02:24,185 - INFO - Job VGG16 processing batch 3_1_12_6512bd43d9caa6e0 at time 118.02s. Cache hit: False.
2025-05-07 22:02:24,185 - INFO - Job VGG16 processing batch 3_1_13_c20ad4d76fe97759 at time 118.74s. Cache hit: False.
2025-05-07 22:02:24,185 - INFO - Job VGG16 processing batch 3_1_14_c51ce410c124a10e at time 119.46s. Cache hit: False.
2025-05-07 22:02:24,185 - INFO - Job VGG16 processing batch 3_1_15_aab3238922bcc25a at time 120.17s. Cache hit: False.
2025-05-07 22:02:24,186 - INFO - Job VGG16 processing batch 3_1_16_9bf31c7ff062936a at time 120.89s. Cache hit: False.
2025-05-07 22:02:24,186 - INFO - Job VGG16 processing batch 3_1_17_c74d97b01eae257e at time 121.60s. Cache hit: False.
2025-05-07 22:02:24,186 - INFO - Job VGG16 processing batch 3_1_18_70efdf2ec9b08607 at time 122.32s. Cache hit: False.
2025-05-07 22:02:24,186 - INFO - Job VGG16 processing batch 3_1_19_6f4922f45568161a at time 123.04s. Cache hit: False.
2025-05-07 22:02:24,186 - INFO - Job VGG16 processing batch 3_1_20_1f0e3dad99908345 at time 123.75s. Cache hit: False.
2025-05-07 22:02:24,186 - INFO - Job VGG16 processing batch 3_1_21_98f13708210194c4 at time 124.47s. Cache hit: False.
2025-05-07 22:02:24,187 - INFO - Job VGG16 processing batch 3_1_22_3c59dc048e885024 at time 125.18s. Cache hit: False.
2025-05-07 22:02:24,187 - INFO - Job VGG16 processing batch 3_1_23_b6d767d2f8ed5d21 at time 125.90s. Cache hit: False.
2025-05-07 22:02:24,187 - INFO - Job VGG16 processing batch 3_1_24_37693cfc748049e4 at time 126.62s. Cache hit: False.
2025-05-07 22:02:24,187 - INFO - Job VGG16 processing batch 3_1_25_1ff1de774005f8da at time 127.33s. Cache hit: False.
2025-05-07 22:02:24,187 - INFO - Job VGG16 processing batch 3_1_26_8e296a067a375633 at time 128.05s. Cache hit: False.
2025-05-07 22:02:24,187 - INFO - Job VGG16 processing batch 3_1_27_4e732ced3463d06d at time 128.76s. Cache hit: False.
2025-05-07 22:02:24,188 - INFO - Job VGG16 processing batch 3_1_28_02e74f10e0327ad8 at time 129.48s. Cache hit: False.
2025-05-07 22:02:24,188 - INFO - Job VGG16 processing batch 3_1_29_33e75ff09dd601bb at time 130.20s. Cache hit: False.
2025-05-07 22:02:24,188 - INFO - Job VGG16 processing batch 3_1_30_6ea9ab1baa0efb9e at time 130.91s. Cache hit: False.
2025-05-07 22:02:24,188 - INFO - Job VGG16 processing batch 3_1_31_34173cb38f07f89d at time 131.63s. Cache hit: False.
2025-05-07 22:02:24,188 - INFO - Job VGG16 processing batch 3_1_32_c16a5320fa475530 at time 132.34s. Cache hit: False.
2025-05-07 22:02:24,188 - INFO - Job VGG16 processing batch 3_1_33_6364d3f0f495b6ab at time 133.06s. Cache hit: False.
2025-05-07 22:02:24,189 - INFO - Job VGG16 processing batch 3_1_34_182be0c5cdcd5072 at time 133.78s. Cache hit: False.
2025-05-07 22:02:24,189 - INFO - Job VGG16 processing batch 3_1_35_e369853df766fa44 at time 134.49s. Cache hit: False.
2025-05-07 22:02:24,189 - INFO - Job VGG16 processing batch 3_1_36_1c383cd30b7c298a at time 135.21s. Cache hit: False.
2025-05-07 22:02:24,189 - INFO - Job VGG16 processing batch 3_1_37_19ca14e7ea6328a4 at time 135.92s. Cache hit: False.
2025-05-07 22:02:24,190 - INFO - Job VGG16 processing batch 3_1_38_a5bfc9e07964f8dd at time 136.64s. Cache hit: False.
2025-05-07 22:02:24,190 - INFO - Job VGG16 processing batch 3_1_39_a5771bce93e200c3 at time 137.36s. Cache hit: False.
2025-05-07 22:02:24,190 - INFO - Job VGG16 processing batch 3_1_40_d67d8ab4f4c10bf2 at time 138.07s. Cache hit: False.
2025-05-07 22:02:24,190 - INFO - Job VGG16 processing batch 3_1_41_d645920e395fedad at time 138.79s. Cache hit: False.
2025-05-07 22:02:24,190 - INFO - Job VGG16 processing batch 3_1_42_3416a75f4cea9109 at time 139.50s. Cache hit: False.
2025-05-07 22:02:24,190 - INFO - Job VGG16 processing batch 3_1_43_a1d0c6e83f027327 at time 140.22s. Cache hit: False.
2025-05-07 22:02:24,191 - INFO - Job VGG16 processing batch 3_1_44_17e62166fc8586df at time 140.94s. Cache hit: False.
2025-05-07 22:02:24,191 - INFO - Job VGG16 processing batch 3_1_45_f7177163c833dff4 at time 141.65s. Cache hit: False.
2025-05-07 22:02:24,191 - INFO - Job VGG16 processing batch 3_1_46_6c8349cc7260ae62 at time 142.37s. Cache hit: False.
2025-05-07 22:02:24,191 - INFO - Job VGG16 processing batch 3_1_47_d9d4f495e875a2e0 at time 143.08s. Cache hit: False.
2025-05-07 22:02:24,191 - INFO - Job VGG16 processing batch 3_1_48_67c6a1e7ce56d3d6 at time 143.80s. Cache hit: False.
2025-05-07 22:02:24,191 - INFO - Job VGG16 processing batch 3_1_49_642e92efb7942173 at time 144.52s. Cache hit: False.
2025-05-07 22:02:24,191 - INFO - Job VGG16 processing batch 3_1_50_f457c545a9ded88f at time 145.23s. Cache hit: False.
